This is pdfTeX, Version 3.141592653-2.6-1.40.24 (MiKTeX 22.1) (preloaded format=pdflatex 2022.11.30)  6 JAN 2023 14:01
entering extended mode
 restricted \write18 enabled.
 file:line:error style messages enabled.
 %&-line parsing enabled.
**/Users/ronghaozhang/Desktop/Academic/Presentation/Zhang202301undergradprojects/slides.tex
(/Users/ronghaozhang/Desktop/Academic/Presentation/Zhang202301undergradprojects/slides.tex
LaTeX2e <2022-11-01>
L3 programming layer <2022-11-02> (/Users/ronghaozhang/Library/Application Support/MiKTeX/texmfs/install/tex/latex/beamer/beamer.cls
Document Class: beamer 2022/09/13 v3.68 A class for typesetting presentations
(/Users/ronghaozhang/Library/Application Support/MiKTeX/texmfs/install/tex/latex/beamer/beamerbasemodes.sty (/Users/ronghaozhang/Library/Application Support/MiKTeX/texmfs/install/tex/latex/etoolbox/etoolbox.sty
Package: etoolbox 2020/10/05 v2.5k e-TeX tools for LaTeX (JAW)
\etb@tempcnta=\count185
)
\beamer@tempbox=\box51
\beamer@tempcount=\count186
\c@beamerpauses=\count187
 (/Users/ronghaozhang/Library/Application Support/MiKTeX/texmfs/install/tex/latex/beamer/beamerbasedecode.sty
\beamer@slideinframe=\count188
\beamer@minimum=\count189
\beamer@decode@box=\box52
)
\beamer@commentbox=\box53
\beamer@modecount=\count190
) (/Users/ronghaozhang/Library/Application Support/MiKTeX/texmfs/install/tex/generic/iftex/iftex.sty
Package: iftex 2022/02/03 v1.0f TeX engine tests
)
\headdp=\dimen140
\footheight=\dimen141
\sidebarheight=\dimen142
\beamer@tempdim=\dimen143
\beamer@finalheight=\dimen144
\beamer@animht=\dimen145
\beamer@animdp=\dimen146
\beamer@animwd=\dimen147
\beamer@leftmargin=\dimen148
\beamer@rightmargin=\dimen149
\beamer@leftsidebar=\dimen150
\beamer@rightsidebar=\dimen151
\beamer@boxsize=\dimen152
\beamer@vboxoffset=\dimen153
\beamer@descdefault=\dimen154
\beamer@descriptionwidth=\dimen155
\beamer@lastskip=\skip47
\beamer@areabox=\box54
\beamer@animcurrent=\box55
\beamer@animshowbox=\box56
\beamer@sectionbox=\box57
\beamer@logobox=\box58
\beamer@linebox=\box59
\beamer@sectioncount=\count191
\beamer@subsubsectionmax=\count192
\beamer@subsectionmax=\count193
\beamer@sectionmax=\count194
\beamer@totalheads=\count195
\beamer@headcounter=\count196
\beamer@partstartpage=\count197
\beamer@sectionstartpage=\count198
\beamer@subsectionstartpage=\count199
\beamer@animationtempa=\count266
\beamer@animationtempb=\count267
\beamer@xpos=\count268
\beamer@ypos=\count269
\beamer@ypos@offset=\count270
\beamer@showpartnumber=\count271
\beamer@currentsubsection=\count272
\beamer@coveringdepth=\count273
\beamer@sectionadjust=\count274
\beamer@toclastsection=\count275
\beamer@tocsectionnumber=\count276
 (/Users/ronghaozhang/Library/Application Support/MiKTeX/texmfs/install/tex/latex/beamer/beamerbaseoptions.sty (/Users/ronghaozhang/Library/Application Support/MiKTeX/texmfs/install/tex/latex/graphics/keyval.sty
Package: keyval 2022/05/29 v1.15 key=value parser (DPC)
\KV@toks@=\toks16
))
\beamer@paperwidth=\skip48
\beamer@paperheight=\skip49
 (/Users/ronghaozhang/Library/Application Support/MiKTeX/texmfs/install/tex/latex/geometry/geometry.sty
Package: geometry 2020/01/02 v5.9 Page Geometry
 (/Users/ronghaozhang/Library/Application Support/MiKTeX/texmfs/install/tex/generic/iftex/ifvtex.sty
Package: ifvtex 2019/10/25 v1.7 ifvtex legacy package. Use iftex instead.
)
\Gm@cnth=\count277
\Gm@cntv=\count278
\c@Gm@tempcnt=\count279
\Gm@bindingoffset=\dimen156
\Gm@wd@mp=\dimen157
\Gm@odd@mp=\dimen158
\Gm@even@mp=\dimen159
\Gm@layoutwidth=\dimen160
\Gm@layoutheight=\dimen161
\Gm@layouthoffset=\dimen162
\Gm@layoutvoffset=\dimen163
\Gm@dimlist=\toks17
 (/Users/ronghaozhang/Library/Application Support/MiKTeX/texmfs/install/tex/latex/geometry/geometry.cfg)) (/Users/ronghaozhang/Library/Application Support/MiKTeX/texmfs/install/tex/latex/pgf/math/pgfmath.sty (/Users/ronghaozhang/Library/Application Support/MiKTeX/texmfs/install/tex/latex/pgf/utilities/pgfrcs.sty (/Users/ronghaozhang/Library/Application Support/MiKTeX/texmfs/install/tex/generic/pgf/utilities/pgfutil-common.tex
\pgfutil@everybye=\toks18
\pgfutil@tempdima=\dimen164
\pgfutil@tempdimb=\dimen165
 (/Users/ronghaozhang/Library/Application Support/MiKTeX/texmfs/install/tex/generic/pgf/utilities/pgfutil-common-lists.tex)) (/Users/ronghaozhang/Library/Application Support/MiKTeX/texmfs/install/tex/generic/pgf/utilities/pgfutil-latex.def
\pgfutil@abb=\box60
) (/Users/ronghaozhang/Library/Application Support/MiKTeX/texmfs/install/tex/generic/pgf/utilities/pgfrcs.code.tex (/Users/ronghaozhang/Library/Application Support/MiKTeX/texmfs/install/tex/generic/pgf/pgf.revision.tex)
Package: pgfrcs 2021/05/15 v3.1.9a (3.1.9a)
)) (/Users/ronghaozhang/Library/Application Support/MiKTeX/texmfs/install/tex/latex/pgf/utilities/pgfkeys.sty (/Users/ronghaozhang/Library/Application Support/MiKTeX/texmfs/install/tex/generic/pgf/utilities/pgfkeys.code.tex
\pgfkeys@pathtoks=\toks19
\pgfkeys@temptoks=\toks20
 (/Users/ronghaozhang/Library/Application Support/MiKTeX/texmfs/install/tex/generic/pgf/utilities/pgfkeysfiltered.code.tex
\pgfkeys@tmptoks=\toks21
))) (/Users/ronghaozhang/Library/Application Support/MiKTeX/texmfs/install/tex/generic/pgf/math/pgfmath.code.tex (/Users/ronghaozhang/Library/Application Support/MiKTeX/texmfs/install/tex/generic/pgf/math/pgfmathcalc.code.tex (/Users/ronghaozhang/Library/Application Support/MiKTeX/texmfs/install/tex/generic/pgf/math/pgfmathutil.code.tex
\pgf@x=\dimen166
\pgf@xa=\dimen167
\pgf@xb=\dimen168
\pgf@xc=\dimen169
\pgf@y=\dimen170
\pgf@ya=\dimen171
\pgf@yb=\dimen172
\pgf@yc=\dimen173
\c@pgf@counta=\count280
\c@pgf@countb=\count281
\c@pgf@countc=\count282
\c@pgf@countd=\count283
) (/Users/ronghaozhang/Library/Application Support/MiKTeX/texmfs/install/tex/generic/pgf/math/pgfmathparser.code.tex
\pgfmath@dimen=\dimen174
\pgfmath@count=\count284
\pgfmath@box=\box61
\pgfmath@toks=\toks22
\pgfmath@stack@operand=\toks23
\pgfmath@stack@operation=\toks24
) (/Users/ronghaozhang/Library/Application Support/MiKTeX/texmfs/install/tex/generic/pgf/math/pgfmathfunctions.code.tex (/Users/ronghaozhang/Library/Application Support/MiKTeX/texmfs/install/tex/generic/pgf/math/pgfmathfunctions.basic.code.tex) (/Users/ronghaozhang/Library/Application Support/MiKTeX/texmfs/install/tex/generic/pgf/math/pgfmathfunctions.trigonometric.code.tex) (/Users/ronghaozhang/Library/Application Support/MiKTeX/texmfs/install/tex/generic/pgf/math/pgfmathfunctions.random.code.tex) (/Users/ronghaozhang/Library/Application Support/MiKTeX/texmfs/install/tex/generic/pgf/math/pgfmathfunctions.comparison.code.tex) (/Users/ronghaozhang/Library/Application Support/MiKTeX/texmfs/install/tex/generic/pgf/math/pgfmathfunctions.base.code.tex) (/Users/ronghaozhang/Library/Application Support/MiKTeX/texmfs/install/tex/generic/pgf/math/pgfmathfunctions.round.code.tex) (/Users/ronghaozhang/Library/Application Support/MiKTeX/texmfs/install/tex/generic/pgf/math/pgfmathfunctions.misc.code.tex) (/Users/ronghaozhang/Library/Application Support/MiKTeX/texmfs/install/tex/generic/pgf/math/pgfmathfunctions.integerarithmetics.code.tex))) (/Users/ronghaozhang/Library/Application Support/MiKTeX/texmfs/install/tex/generic/pgf/math/pgfmathfloat.code.tex
\c@pgfmathroundto@lastzeros=\count285
))) (/Users/ronghaozhang/Library/Application Support/MiKTeX/texmfs/install/tex/latex/base/size11.clo
File: size11.clo 2022/07/02 v1.4n Standard LaTeX file (size option)
) (/Users/ronghaozhang/Library/Application Support/MiKTeX/texmfs/install/tex/latex/pgf/basiclayer/pgfcore.sty (/Users/ronghaozhang/Library/Application Support/MiKTeX/texmfs/install/tex/latex/graphics/graphicx.sty
Package: graphicx 2021/09/16 v1.2d Enhanced LaTeX Graphics (DPC,SPQR)
 (/Users/ronghaozhang/Library/Application Support/MiKTeX/texmfs/install/tex/latex/graphics/graphics.sty
Package: graphics 2022/03/10 v1.4e Standard LaTeX Graphics (DPC,SPQR)
 (/Users/ronghaozhang/Library/Application Support/MiKTeX/texmfs/install/tex/latex/graphics/trig.sty
Package: trig 2021/08/11 v1.11 sin cos tan (DPC)
) (/Users/ronghaozhang/Library/Application Support/MiKTeX/texmfs/install/tex/latex/graphics-cfg/graphics.cfg
File: graphics.cfg 2016/06/04 v1.11 sample graphics configuration
)
Package graphics Info: Driver file: pdftex.def on input line 107.
 (/Users/ronghaozhang/Library/Application Support/MiKTeX/texmfs/install/tex/latex/graphics-def/pdftex.def
File: pdftex.def 2022/09/22 v1.2b Graphics/color driver for pdftex
))
\Gin@req@height=\dimen175
\Gin@req@width=\dimen176
) (/Users/ronghaozhang/Library/Application Support/MiKTeX/texmfs/install/tex/latex/pgf/systemlayer/pgfsys.sty (/Users/ronghaozhang/Library/Application Support/MiKTeX/texmfs/install/tex/generic/pgf/systemlayer/pgfsys.code.tex
Package: pgfsys 2021/05/15 v3.1.9a (3.1.9a)
 (/Users/ronghaozhang/Library/Application Support/MiKTeX/texmfs/install/tex/generic/pgf/utilities/pgfkeys.code.tex)
\pgf@x=\dimen177
\pgf@y=\dimen178
\pgf@xa=\dimen179
\pgf@ya=\dimen180
\pgf@xb=\dimen181
\pgf@yb=\dimen182
\pgf@xc=\dimen183
\pgf@yc=\dimen184
\pgf@xd=\dimen185
\pgf@yd=\dimen186
\w@pgf@writea=\write3
\r@pgf@reada=\read2
\c@pgf@counta=\count286
\c@pgf@countb=\count287
\c@pgf@countc=\count288
\c@pgf@countd=\count289
\t@pgf@toka=\toks25
\t@pgf@tokb=\toks26
\t@pgf@tokc=\toks27
\pgf@sys@id@count=\count290
 (/Users/ronghaozhang/Library/Application Support/MiKTeX/texmfs/install/tex/generic/pgf/systemlayer/pgf.cfg
File: pgf.cfg 2021/05/15 v3.1.9a (3.1.9a)
)
Driver file for pgf: pgfsys-pdftex.def
 (/Users/ronghaozhang/Library/Application Support/MiKTeX/texmfs/install/tex/generic/pgf/systemlayer/pgfsys-pdftex.def
File: pgfsys-pdftex.def 2021/05/15 v3.1.9a (3.1.9a)
 (/Users/ronghaozhang/Library/Application Support/MiKTeX/texmfs/install/tex/generic/pgf/systemlayer/pgfsys-common-pdf.def
File: pgfsys-common-pdf.def 2021/05/15 v3.1.9a (3.1.9a)
))) (/Users/ronghaozhang/Library/Application Support/MiKTeX/texmfs/install/tex/generic/pgf/systemlayer/pgfsyssoftpath.code.tex
File: pgfsyssoftpath.code.tex 2021/05/15 v3.1.9a (3.1.9a)
\pgfsyssoftpath@smallbuffer@items=\count291
\pgfsyssoftpath@bigbuffer@items=\count292
) (/Users/ronghaozhang/Library/Application Support/MiKTeX/texmfs/install/tex/generic/pgf/systemlayer/pgfsysprotocol.code.tex
File: pgfsysprotocol.code.tex 2021/05/15 v3.1.9a (3.1.9a)
)) (/Users/ronghaozhang/Library/Application Support/MiKTeX/texmfs/install/tex/latex/xcolor/xcolor.sty
Package: xcolor 2022/06/12 v2.14 LaTeX color extensions (UK)
 (/Users/ronghaozhang/Library/Application Support/MiKTeX/texmfs/install/tex/latex/graphics-cfg/color.cfg
File: color.cfg 2016/01/02 v1.6 sample color configuration
)
Package xcolor Info: Driver file: pdftex.def on input line 227.
 (/Users/ronghaozhang/Library/Application Support/MiKTeX/texmfs/install/tex/latex/graphics/mathcolor.ltx)
Package xcolor Info: Model `cmy' substituted by `cmy0' on input line 1353.
Package xcolor Info: Model `hsb' substituted by `rgb' on input line 1357.
Package xcolor Info: Model `RGB' extended on input line 1369.
Package xcolor Info: Model `HTML' substituted by `rgb' on input line 1371.
Package xcolor Info: Model `Hsb' substituted by `hsb' on input line 1372.
Package xcolor Info: Model `tHsb' substituted by `hsb' on input line 1373.
Package xcolor Info: Model `HSB' substituted by `hsb' on input line 1374.
Package xcolor Info: Model `Gray' substituted by `gray' on input line 1375.
Package xcolor Info: Model `wave' substituted by `hsb' on input line 1376.
) (/Users/ronghaozhang/Library/Application Support/MiKTeX/texmfs/install/tex/generic/pgf/basiclayer/pgfcore.code.tex
Package: pgfcore 2021/05/15 v3.1.9a (3.1.9a)
 (/Users/ronghaozhang/Library/Application Support/MiKTeX/texmfs/install/tex/generic/pgf/math/pgfmath.code.tex) (/Users/ronghaozhang/Library/Application Support/MiKTeX/texmfs/install/tex/generic/pgf/math/pgfint.code.tex) (/Users/ronghaozhang/Library/Application Support/MiKTeX/texmfs/install/tex/generic/pgf/basiclayer/pgfcorepoints.code.tex
File: pgfcorepoints.code.tex 2021/05/15 v3.1.9a (3.1.9a)
\pgf@picminx=\dimen187
\pgf@picmaxx=\dimen188
\pgf@picminy=\dimen189
\pgf@picmaxy=\dimen190
\pgf@pathminx=\dimen191
\pgf@pathmaxx=\dimen192
\pgf@pathminy=\dimen193
\pgf@pathmaxy=\dimen194
\pgf@xx=\dimen195
\pgf@xy=\dimen196
\pgf@yx=\dimen197
\pgf@yy=\dimen198
\pgf@zx=\dimen199
\pgf@zy=\dimen256
) (/Users/ronghaozhang/Library/Application Support/MiKTeX/texmfs/install/tex/generic/pgf/basiclayer/pgfcorepathconstruct.code.tex
File: pgfcorepathconstruct.code.tex 2021/05/15 v3.1.9a (3.1.9a)
\pgf@path@lastx=\dimen257
\pgf@path@lasty=\dimen258
) (/Users/ronghaozhang/Library/Application Support/MiKTeX/texmfs/install/tex/generic/pgf/basiclayer/pgfcorepathusage.code.tex
File: pgfcorepathusage.code.tex 2021/05/15 v3.1.9a (3.1.9a)
\pgf@shorten@end@additional=\dimen259
\pgf@shorten@start@additional=\dimen260
) (/Users/ronghaozhang/Library/Application Support/MiKTeX/texmfs/install/tex/generic/pgf/basiclayer/pgfcorescopes.code.tex
File: pgfcorescopes.code.tex 2021/05/15 v3.1.9a (3.1.9a)
\pgfpic=\box62
\pgf@hbox=\box63
\pgf@layerbox@main=\box64
\pgf@picture@serial@count=\count293
) (/Users/ronghaozhang/Library/Application Support/MiKTeX/texmfs/install/tex/generic/pgf/basiclayer/pgfcoregraphicstate.code.tex
File: pgfcoregraphicstate.code.tex 2021/05/15 v3.1.9a (3.1.9a)
\pgflinewidth=\dimen261
) (/Users/ronghaozhang/Library/Application Support/MiKTeX/texmfs/install/tex/generic/pgf/basiclayer/pgfcoretransformations.code.tex
File: pgfcoretransformations.code.tex 2021/05/15 v3.1.9a (3.1.9a)
\pgf@pt@x=\dimen262
\pgf@pt@y=\dimen263
\pgf@pt@temp=\dimen264
) (/Users/ronghaozhang/Library/Application Support/MiKTeX/texmfs/install/tex/generic/pgf/basiclayer/pgfcorequick.code.tex
File: pgfcorequick.code.tex 2021/05/15 v3.1.9a (3.1.9a)
) (/Users/ronghaozhang/Library/Application Support/MiKTeX/texmfs/install/tex/generic/pgf/basiclayer/pgfcoreobjects.code.tex
File: pgfcoreobjects.code.tex 2021/05/15 v3.1.9a (3.1.9a)
) (/Users/ronghaozhang/Library/Application Support/MiKTeX/texmfs/install/tex/generic/pgf/basiclayer/pgfcorepathprocessing.code.tex
File: pgfcorepathprocessing.code.tex 2021/05/15 v3.1.9a (3.1.9a)
) (/Users/ronghaozhang/Library/Application Support/MiKTeX/texmfs/install/tex/generic/pgf/basiclayer/pgfcorearrows.code.tex
File: pgfcorearrows.code.tex 2021/05/15 v3.1.9a (3.1.9a)
\pgfarrowsep=\dimen265
) (/Users/ronghaozhang/Library/Application Support/MiKTeX/texmfs/install/tex/generic/pgf/basiclayer/pgfcoreshade.code.tex
File: pgfcoreshade.code.tex 2021/05/15 v3.1.9a (3.1.9a)
\pgf@max=\dimen266
\pgf@sys@shading@range@num=\count294
\pgf@shadingcount=\count295
) (/Users/ronghaozhang/Library/Application Support/MiKTeX/texmfs/install/tex/generic/pgf/basiclayer/pgfcoreimage.code.tex
File: pgfcoreimage.code.tex 2021/05/15 v3.1.9a (3.1.9a)
 (/Users/ronghaozhang/Library/Application Support/MiKTeX/texmfs/install/tex/generic/pgf/basiclayer/pgfcoreexternal.code.tex
File: pgfcoreexternal.code.tex 2021/05/15 v3.1.9a (3.1.9a)
\pgfexternal@startupbox=\box65
)) (/Users/ronghaozhang/Library/Application Support/MiKTeX/texmfs/install/tex/generic/pgf/basiclayer/pgfcorelayers.code.tex
File: pgfcorelayers.code.tex 2021/05/15 v3.1.9a (3.1.9a)
) (/Users/ronghaozhang/Library/Application Support/MiKTeX/texmfs/install/tex/generic/pgf/basiclayer/pgfcoretransparency.code.tex
File: pgfcoretransparency.code.tex 2021/05/15 v3.1.9a (3.1.9a)
) (/Users/ronghaozhang/Library/Application Support/MiKTeX/texmfs/install/tex/generic/pgf/basiclayer/pgfcorepatterns.code.tex
File: pgfcorepatterns.code.tex 2021/05/15 v3.1.9a (3.1.9a)
) (/Users/ronghaozhang/Library/Application Support/MiKTeX/texmfs/install/tex/generic/pgf/basiclayer/pgfcorerdf.code.tex
File: pgfcorerdf.code.tex 2021/05/15 v3.1.9a (3.1.9a)
))) (/Users/ronghaozhang/Library/Application Support/MiKTeX/texmfs/install/tex/latex/pgf/utilities/xxcolor.sty
Package: xxcolor 2003/10/24 ver 0.1
\XC@nummixins=\count296
\XC@countmixins=\count297
) (/Users/ronghaozhang/Library/Application Support/MiKTeX/texmfs/install/tex/latex/base/atbegshi-ltx.sty
Package: atbegshi-ltx 2021/01/10 v1.0c Emulation of the original atbegshi
package with kernel methods
) (/Users/ronghaozhang/Library/Application Support/MiKTeX/texmfs/install/tex/latex/hyperref/hyperref.sty
Package: hyperref 2022-11-13 v7.00u Hypertext links for LaTeX
 (/Users/ronghaozhang/Library/Application Support/MiKTeX/texmfs/install/tex/generic/ltxcmds/ltxcmds.sty
Package: ltxcmds 2020-05-10 v1.25 LaTeX kernel commands for general use (HO)
) (/Users/ronghaozhang/Library/Application Support/MiKTeX/texmfs/install/tex/generic/pdftexcmds/pdftexcmds.sty
Package: pdftexcmds 2020-06-27 v0.33 Utility functions of pdfTeX for LuaTeX (HO)
 (/Users/ronghaozhang/Library/Application Support/MiKTeX/texmfs/install/tex/generic/infwarerr/infwarerr.sty
Package: infwarerr 2019/12/03 v1.5 Providing info/warning/error messages (HO)
)
Package pdftexcmds Info: \pdf@primitive is available.
Package pdftexcmds Info: \pdf@ifprimitive is available.
Package pdftexcmds Info: \pdfdraftmode found.
) (/Users/ronghaozhang/Library/Application Support/MiKTeX/texmfs/install/tex/latex/kvsetkeys/kvsetkeys.sty
Package: kvsetkeys 2022-10-05 v1.19 Key value parser (HO)
) (/Users/ronghaozhang/Library/Application Support/MiKTeX/texmfs/install/tex/generic/kvdefinekeys/kvdefinekeys.sty
Package: kvdefinekeys 2019-12-19 v1.6 Define keys (HO)
) (/Users/ronghaozhang/Library/Application Support/MiKTeX/texmfs/install/tex/generic/pdfescape/pdfescape.sty
Package: pdfescape 2019/12/09 v1.15 Implements pdfTeX's escape features (HO)
) (/Users/ronghaozhang/Library/Application Support/MiKTeX/texmfs/install/tex/latex/hycolor/hycolor.sty
Package: hycolor 2020-01-27 v1.10 Color options for hyperref/bookmark (HO)
) (/Users/ronghaozhang/Library/Application Support/MiKTeX/texmfs/install/tex/latex/letltxmacro/letltxmacro.sty
Package: letltxmacro 2019/12/03 v1.6 Let assignment for LaTeX macros (HO)
) (/Users/ronghaozhang/Library/Application Support/MiKTeX/texmfs/install/tex/latex/auxhook/auxhook.sty
Package: auxhook 2019-12-17 v1.6 Hooks for auxiliary files (HO)
) (/Users/ronghaozhang/Library/Application Support/MiKTeX/texmfs/install/tex/latex/hyperref/nameref.sty
Package: nameref 2022-05-17 v2.50 Cross-referencing by name of section
 (/Users/ronghaozhang/Library/Application Support/MiKTeX/texmfs/install/tex/latex/refcount/refcount.sty
Package: refcount 2019/12/15 v3.6 Data extraction from label references (HO)
) (/Users/ronghaozhang/Library/Application Support/MiKTeX/texmfs/install/tex/generic/gettitlestring/gettitlestring.sty
Package: gettitlestring 2019/12/15 v1.6 Cleanup title references (HO)
 (/Users/ronghaozhang/Library/Application Support/MiKTeX/texmfs/install/tex/latex/kvoptions/kvoptions.sty
Package: kvoptions 2022-06-15 v3.15 Key value format for package options (HO)
))
\c@section@level=\count298
)
\@linkdim=\dimen267
\Hy@linkcounter=\count299
\Hy@pagecounter=\count300

(/Users/ronghaozhang/Library/Application Support/MiKTeX/texmfs/install/tex/latex/hyperref/pd1enc.def
File: pd1enc.def 2022-11-13 v7.00u Hyperref: PDFDocEncoding definition (HO)
Now handling font encoding PD1 ...
... no UTF-8 mapping file for font encoding PD1
) (/Users/ronghaozhang/Library/Application Support/MiKTeX/texmfs/install/tex/generic/intcalc/intcalc.sty
Package: intcalc 2019/12/15 v1.3 Expandable calculations with integers (HO)
) (/Users/ronghaozhang/Library/Application Support/MiKTeX/texmfs/install/tex/generic/etexcmds/etexcmds.sty
Package: etexcmds 2019/12/15 v1.7 Avoid name clashes with e-TeX commands (HO)
)
\Hy@SavedSpaceFactor=\count301
 (/Users/ronghaozhang/Library/Application Support/MiKTeX/texmfs/install/tex/latex/hyperref/puenc.def
File: puenc.def 2022-11-13 v7.00u Hyperref: PDF Unicode definition (HO)
Now handling font encoding PU ...
... no UTF-8 mapping file for font encoding PU
)
Package hyperref Info: Option `bookmarks' set `true' on input line 4045.
Package hyperref Info: Option `bookmarksopen' set `true' on input line 4045.
Package hyperref Info: Option `implicit' set `false' on input line 4045.
Package hyperref Info: Hyper figures OFF on input line 4162.
Package hyperref Info: Link nesting OFF on input line 4167.
Package hyperref Info: Hyper index ON on input line 4170.
Package hyperref Info: Plain pages OFF on input line 4177.
Package hyperref Info: Backreferencing OFF on input line 4182.
Package hyperref Info: Implicit mode OFF; no redefinition of LaTeX internals.
Package hyperref Info: Bookmarks ON on input line 4410.
\c@Hy@tempcnt=\count302
 (/Users/ronghaozhang/Library/Application Support/MiKTeX/texmfs/install/tex/latex/url/url.sty
\Urlmuskip=\muskip16
Package: url 2013/09/16  ver 3.4  Verb mode for urls, etc.
)
LaTeX Info: Redefining \url on input line 4748.
\XeTeXLinkMargin=\dimen268
 (/Users/ronghaozhang/Library/Application Support/MiKTeX/texmfs/install/tex/generic/bitset/bitset.sty
Package: bitset 2019/12/09 v1.3 Handle bit-vector datatype (HO)
 (/Users/ronghaozhang/Library/Application Support/MiKTeX/texmfs/install/tex/generic/bigintcalc/bigintcalc.sty
Package: bigintcalc 2019/12/15 v1.5 Expandable calculations on big integers (HO)
))
\Fld@menulength=\count303
\Field@Width=\dimen269
\Fld@charsize=\dimen270
Package hyperref Info: Hyper figures OFF on input line 6027.
Package hyperref Info: Link nesting OFF on input line 6032.
Package hyperref Info: Hyper index ON on input line 6035.
Package hyperref Info: backreferencing OFF on input line 6042.
Package hyperref Info: Link coloring OFF on input line 6047.
Package hyperref Info: Link coloring with OCG OFF on input line 6052.
Package hyperref Info: PDF/A mode OFF on input line 6057.
\Hy@abspage=\count304


Package hyperref Message: Stopped early.

)
Package hyperref Info: Driver (autodetected): hpdftex.
 (/Users/ronghaozhang/Library/Application Support/MiKTeX/texmfs/install/tex/latex/hyperref/hpdftex.def
File: hpdftex.def 2022-11-13 v7.00u Hyperref driver for pdfTeX
 (/Users/ronghaozhang/Library/Application Support/MiKTeX/texmfs/install/tex/latex/base/atveryend-ltx.sty
Package: atveryend-ltx 2020/08/19 v1.0a Emulation of the original atveryend package
with kernel methods
)
\Fld@listcount=\count305
\c@bookmark@seq@number=\count306
 (/Users/ronghaozhang/Library/Application Support/MiKTeX/texmfs/install/tex/latex/rerunfilecheck/rerunfilecheck.sty
Package: rerunfilecheck 2022-07-10 v1.10 Rerun checks for auxiliary files (HO)
 (/Users/ronghaozhang/Library/Application Support/MiKTeX/texmfs/install/tex/generic/uniquecounter/uniquecounter.sty
Package: uniquecounter 2019/12/15 v1.4 Provide unlimited unique counter (HO)
)
Package uniquecounter Info: New unique counter `rerunfilecheck' on input line 285.
)) (/Users/ronghaozhang/Library/Application Support/MiKTeX/texmfs/install/tex/latex/beamer/beamerbaserequires.sty (/Users/ronghaozhang/Library/Application Support/MiKTeX/texmfs/install/tex/latex/beamer/beamerbasecompatibility.sty) (/Users/ronghaozhang/Library/Application Support/MiKTeX/texmfs/install/tex/latex/beamer/beamerbasefont.sty (/Users/ronghaozhang/Library/Application Support/MiKTeX/texmfs/install/tex/latex/amsfonts/amssymb.sty
Package: amssymb 2013/01/14 v3.01 AMS font symbols
 (/Users/ronghaozhang/Library/Application Support/MiKTeX/texmfs/install/tex/latex/amsfonts/amsfonts.sty
Package: amsfonts 2013/01/14 v3.01 Basic AMSFonts support
\@emptytoks=\toks28
\symAMSa=\mathgroup4
\symAMSb=\mathgroup5
LaTeX Font Info:    Redeclaring math symbol \hbar on input line 98.
LaTeX Font Info:    Overwriting math alphabet `\mathfrak' in version `bold'
(Font)                  U/euf/m/n --> U/euf/b/n on input line 106.
)) (/Users/ronghaozhang/Library/Application Support/MiKTeX/texmfs/install/tex/latex/sansmathaccent/sansmathaccent.sty
Package: sansmathaccent 2020/01/31
 (/Users/ronghaozhang/Library/Application Support/MiKTeX/texmfs/install/tex/latex/koma-script/scrlfile.sty
Package: scrlfile 2022/10/12 v3.38 KOMA-Script package (file load hooks)
 (/Users/ronghaozhang/Library/Application Support/MiKTeX/texmfs/install/tex/latex/koma-script/scrlfile-hook.sty
Package: scrlfile-hook 2022/10/12 v3.38 KOMA-Script package (using LaTeX hooks)
 (/Users/ronghaozhang/Library/Application Support/MiKTeX/texmfs/install/tex/latex/koma-script/scrlogo.sty
Package: scrlogo 2022/10/12 v3.38 KOMA-Script package (logo)
))))) (/Users/ronghaozhang/Library/Application Support/MiKTeX/texmfs/install/tex/latex/beamer/beamerbasetranslator.sty (/Users/ronghaozhang/Library/Application Support/MiKTeX/texmfs/install/tex/latex/translator/translator.sty
Package: translator 2021-05-31 v1.12d Easy translation of strings in LaTeX
)) (/Users/ronghaozhang/Library/Application Support/MiKTeX/texmfs/install/tex/latex/beamer/beamerbasemisc.sty) (/Users/ronghaozhang/Library/Application Support/MiKTeX/texmfs/install/tex/latex/beamer/beamerbasetwoscreens.sty) (/Users/ronghaozhang/Library/Application Support/MiKTeX/texmfs/install/tex/latex/beamer/beamerbaseoverlay.sty
\beamer@argscount=\count307
\beamer@lastskipcover=\skip50
\beamer@trivlistdepth=\count308
) (/Users/ronghaozhang/Library/Application Support/MiKTeX/texmfs/install/tex/latex/beamer/beamerbasetitle.sty) (/Users/ronghaozhang/Library/Application Support/MiKTeX/texmfs/install/tex/latex/beamer/beamerbasesection.sty
\c@lecture=\count309
\c@part=\count310
\c@section=\count311
\c@subsection=\count312
\c@subsubsection=\count313
) (/Users/ronghaozhang/Library/Application Support/MiKTeX/texmfs/install/tex/latex/beamer/beamerbaseframe.sty
\beamer@framebox=\box66
\beamer@frametitlebox=\box67
\beamer@zoombox=\box68
\beamer@zoomcount=\count314
\beamer@zoomframecount=\count315
\beamer@frametextheight=\dimen271
\c@subsectionslide=\count316
\beamer@frametopskip=\skip51
\beamer@framebottomskip=\skip52
\beamer@frametopskipautobreak=\skip53
\beamer@framebottomskipautobreak=\skip54
\beamer@envbody=\toks29
\framewidth=\dimen272
\c@framenumber=\count317
) (/Users/ronghaozhang/Library/Application Support/MiKTeX/texmfs/install/tex/latex/beamer/beamerbaseverbatim.sty
\beamer@verbatimfileout=\write4
) (/Users/ronghaozhang/Library/Application Support/MiKTeX/texmfs/install/tex/latex/beamer/beamerbaseframesize.sty
\beamer@splitbox=\box69
\beamer@autobreakcount=\count318
\beamer@autobreaklastheight=\dimen273
\beamer@frametitletoks=\toks30
\beamer@framesubtitletoks=\toks31
) (/Users/ronghaozhang/Library/Application Support/MiKTeX/texmfs/install/tex/latex/beamer/beamerbaseframecomponents.sty
\beamer@footins=\box70
) (/Users/ronghaozhang/Library/Application Support/MiKTeX/texmfs/install/tex/latex/beamer/beamerbasecolor.sty) (/Users/ronghaozhang/Library/Application Support/MiKTeX/texmfs/install/tex/latex/beamer/beamerbasenotes.sty
\beamer@frameboxcopy=\box71
) (/Users/ronghaozhang/Library/Application Support/MiKTeX/texmfs/install/tex/latex/beamer/beamerbasetoc.sty) (/Users/ronghaozhang/Library/Application Support/MiKTeX/texmfs/install/tex/latex/beamer/beamerbasetemplates.sty
\beamer@sbttoks=\toks32
 (/Users/ronghaozhang/Library/Application Support/MiKTeX/texmfs/install/tex/latex/beamer/beamerbaseauxtemplates.sty (/Users/ronghaozhang/Library/Application Support/MiKTeX/texmfs/install/tex/latex/beamer/beamerbaseboxes.sty
\bmb@box=\box72
\bmb@colorbox=\box73
\bmb@boxwidth=\dimen274
\bmb@boxheight=\dimen275
\bmb@prevheight=\dimen276
\bmb@temp=\dimen277
\bmb@dima=\dimen278
\bmb@dimb=\dimen279
\bmb@prevheight=\dimen280
)
\beamer@blockheadheight=\dimen281
)) (/Users/ronghaozhang/Library/Application Support/MiKTeX/texmfs/install/tex/latex/beamer/beamerbaselocalstructure.sty (/Users/ronghaozhang/Library/Application Support/MiKTeX/texmfs/install/tex/latex/tools/enumerate.sty
Package: enumerate 2015/07/23 v3.00 enumerate extensions (DPC)
\@enLab=\toks33
)
\beamer@bibiconwidth=\skip55
\c@figure=\count319
\c@table=\count320
\abovecaptionskip=\skip56
\belowcaptionskip=\skip57
) (/Users/ronghaozhang/Library/Application Support/MiKTeX/texmfs/install/tex/latex/beamer/beamerbasenavigation.sty
\beamer@section@min@dim=\dimen282
) (/Users/ronghaozhang/Library/Application Support/MiKTeX/texmfs/install/tex/latex/beamer/beamerbasetheorems.sty (/Users/ronghaozhang/Library/Application Support/MiKTeX/texmfs/install/tex/latex/amsmath/amsmath.sty
Package: amsmath 2022/04/08 v2.17n AMS math features
\@mathmargin=\skip58

For additional information on amsmath, use the `?' option.
(/Users/ronghaozhang/Library/Application Support/MiKTeX/texmfs/install/tex/latex/amsmath/amstext.sty
Package: amstext 2021/08/26 v2.01 AMS text
 (/Users/ronghaozhang/Library/Application Support/MiKTeX/texmfs/install/tex/latex/amsmath/amsgen.sty
File: amsgen.sty 1999/11/30 v2.0 generic functions
\@emptytoks=\toks34
\ex@=\dimen283
)) (/Users/ronghaozhang/Library/Application Support/MiKTeX/texmfs/install/tex/latex/amsmath/amsbsy.sty
Package: amsbsy 1999/11/29 v1.2d Bold Symbols
\pmbraise@=\dimen284
) (/Users/ronghaozhang/Library/Application Support/MiKTeX/texmfs/install/tex/latex/amsmath/amsopn.sty
Package: amsopn 2022/04/08 v2.04 operator names
)
\inf@bad=\count321
LaTeX Info: Redefining \frac on input line 234.
\uproot@=\count322
\leftroot@=\count323
LaTeX Info: Redefining \overline on input line 399.
LaTeX Info: Redefining \colon on input line 410.
\classnum@=\count324
\DOTSCASE@=\count325
LaTeX Info: Redefining \ldots on input line 496.
LaTeX Info: Redefining \dots on input line 499.
LaTeX Info: Redefining \cdots on input line 620.
\Mathstrutbox@=\box74
\strutbox@=\box75
LaTeX Info: Redefining \big on input line 722.
LaTeX Info: Redefining \Big on input line 723.
LaTeX Info: Redefining \bigg on input line 724.
LaTeX Info: Redefining \Bigg on input line 725.
\big@size=\dimen285
LaTeX Font Info:    Redeclaring font encoding OML on input line 743.
LaTeX Font Info:    Redeclaring font encoding OMS on input line 744.
\macc@depth=\count326
LaTeX Info: Redefining \bmod on input line 905.
LaTeX Info: Redefining \pmod on input line 910.
LaTeX Info: Redefining \smash on input line 940.
LaTeX Info: Redefining \relbar on input line 970.
LaTeX Info: Redefining \Relbar on input line 971.
\c@MaxMatrixCols=\count327
\dotsspace@=\muskip17
\c@parentequation=\count328
\dspbrk@lvl=\count329
\tag@help=\toks35
\row@=\count330
\column@=\count331
\maxfields@=\count332
\andhelp@=\toks36
\eqnshift@=\dimen286
\alignsep@=\dimen287
\tagshift@=\dimen288
\tagwidth@=\dimen289
\totwidth@=\dimen290
\lineht@=\dimen291
\@envbody=\toks37
\multlinegap=\skip59
\multlinetaggap=\skip60
\mathdisplay@stack=\toks38
LaTeX Info: Redefining \[ on input line 2953.
LaTeX Info: Redefining \] on input line 2954.
) (/Users/ronghaozhang/Library/Application Support/MiKTeX/texmfs/install/tex/latex/amscls/amsthm.sty
Package: amsthm 2020/05/29 v2.20.6
\thm@style=\toks39
\thm@bodyfont=\toks40
\thm@headfont=\toks41
\thm@notefont=\toks42
\thm@headpunct=\toks43
\thm@preskip=\skip61
\thm@postskip=\skip62
\thm@headsep=\skip63
\dth@everypar=\toks44
)) (/Users/ronghaozhang/Library/Application Support/MiKTeX/texmfs/install/tex/latex/beamer/beamerbasethemes.sty)) (/Users/ronghaozhang/Library/Application Support/MiKTeX/texmfs/install/tex/latex/beamer/beamerthemedefault.sty (/Users/ronghaozhang/Library/Application Support/MiKTeX/texmfs/install/tex/latex/beamer/beamerfontthemedefault.sty) (/Users/ronghaozhang/Library/Application Support/MiKTeX/texmfs/install/tex/latex/beamer/beamercolorthemedefault.sty) (/Users/ronghaozhang/Library/Application Support/MiKTeX/texmfs/install/tex/latex/beamer/beamerinnerthemedefault.sty
\beamer@dima=\dimen292
\beamer@dimb=\dimen293
) (/Users/ronghaozhang/Library/Application Support/MiKTeX/texmfs/install/tex/latex/beamer/beamerouterthemedefault.sty))) (loadslides.tex (/Users/ronghaozhang/Library/Application Support/MiKTeX/texmfs/install/tex/latex/psnfss/palatino.sty
Package: palatino 2020/03/25 PSNFSS-v9.3 (SPQR) 
) (/Users/ronghaozhang/Library/Application Support/MiKTeX/texmfs/install/tex/latex/base/inputenc.sty
Package: inputenc 2021/02/14 v1.3d Input encoding file
\inpenc@prehook=\toks45
\inpenc@posthook=\toks46
) (/Users/ronghaozhang/Library/Application Support/MiKTeX/texmfs/install/tex/latex/base/fontenc.sty
Package: fontenc 2021/04/29 v2.0v Standard LaTeX package
LaTeX Font Info:    Trying to load font information for T1+phv on input line 112.
 (/Users/ronghaozhang/Library/Application Support/MiKTeX/texmfs/install/tex/latex/psnfss/t1phv.fd
File: t1phv.fd 2020/03/25 scalable font definitions for T1/phv.
)) (/Users/ronghaozhang/Library/Application Support/MiKTeX/texmfs/install/tex/latex/beamer/beamerfontthemeserif.sty) (styles/elegantmacros.sty) (styles/beamerthemeelegant.sty (styles/beamercolorthemeelegant.sty) (styles/beamerfontthemeelegant.sty) (styles/beamerinnerthemeelegant.sty (/Users/ronghaozhang/Library/Application Support/MiKTeX/texmfs/install/tex/latex/pgf/frontendlayer/tikz.sty (/Users/ronghaozhang/Library/Application Support/MiKTeX/texmfs/install/tex/latex/pgf/basiclayer/pgf.sty
Package: pgf 2021/05/15 v3.1.9a (3.1.9a)
 (/Users/ronghaozhang/Library/Application Support/MiKTeX/texmfs/install/tex/generic/pgf/modules/pgfmoduleshapes.code.tex
File: pgfmoduleshapes.code.tex 2021/05/15 v3.1.9a (3.1.9a)
\pgfnodeparttextbox=\box76
) (/Users/ronghaozhang/Library/Application Support/MiKTeX/texmfs/install/tex/generic/pgf/modules/pgfmoduleplot.code.tex
File: pgfmoduleplot.code.tex 2021/05/15 v3.1.9a (3.1.9a)
) (/Users/ronghaozhang/Library/Application Support/MiKTeX/texmfs/install/tex/latex/pgf/compatibility/pgfcomp-version-0-65.sty
Package: pgfcomp-version-0-65 2021/05/15 v3.1.9a (3.1.9a)
\pgf@nodesepstart=\dimen294
\pgf@nodesepend=\dimen295
) (/Users/ronghaozhang/Library/Application Support/MiKTeX/texmfs/install/tex/latex/pgf/compatibility/pgfcomp-version-1-18.sty
Package: pgfcomp-version-1-18 2021/05/15 v3.1.9a (3.1.9a)
)) (/Users/ronghaozhang/Library/Application Support/MiKTeX/texmfs/install/tex/latex/pgf/utilities/pgffor.sty (/Users/ronghaozhang/Library/Application Support/MiKTeX/texmfs/install/tex/generic/pgf/utilities/pgffor.code.tex
Package: pgffor 2021/05/15 v3.1.9a (3.1.9a)
 (/Users/ronghaozhang/Library/Application Support/MiKTeX/texmfs/install/tex/generic/pgf/math/pgfmath.code.tex)
\pgffor@iter=\dimen296
\pgffor@skip=\dimen297
\pgffor@stack=\toks47
\pgffor@toks=\toks48
)) (/Users/ronghaozhang/Library/Application Support/MiKTeX/texmfs/install/tex/generic/pgf/frontendlayer/tikz/tikz.code.tex
Package: tikz 2021/05/15 v3.1.9a (3.1.9a)
 (/Users/ronghaozhang/Library/Application Support/MiKTeX/texmfs/install/tex/generic/pgf/libraries/pgflibraryplothandlers.code.tex
File: pgflibraryplothandlers.code.tex 2021/05/15 v3.1.9a (3.1.9a)
\pgf@plot@mark@count=\count333
\pgfplotmarksize=\dimen298
)
\tikz@lastx=\dimen299
\tikz@lasty=\dimen300
\tikz@lastxsaved=\dimen301
\tikz@lastysaved=\dimen302
\tikz@lastmovetox=\dimen303
\tikz@lastmovetoy=\dimen304
\tikzleveldistance=\dimen305
\tikzsiblingdistance=\dimen306
\tikz@figbox=\box77
\tikz@figbox@bg=\box78
\tikz@tempbox=\box79
\tikz@tempbox@bg=\box80
\tikztreelevel=\count334
\tikznumberofchildren=\count335
\tikznumberofcurrentchild=\count336
\tikz@fig@count=\count337
 (/Users/ronghaozhang/Library/Application Support/MiKTeX/texmfs/install/tex/generic/pgf/modules/pgfmodulematrix.code.tex
File: pgfmodulematrix.code.tex 2021/05/15 v3.1.9a (3.1.9a)
\pgfmatrixcurrentrow=\count338
\pgfmatrixcurrentcolumn=\count339
\pgf@matrix@numberofcolumns=\count340
)
\tikz@expandcount=\count341
 (/Users/ronghaozhang/Library/Application Support/MiKTeX/texmfs/install/tex/generic/pgf/frontendlayer/tikz/libraries/tikzlibrarytopaths.code.tex
File: tikzlibrarytopaths.code.tex 2021/05/15 v3.1.9a (3.1.9a)
)))
\c@sectionpage=\count342
) (styles/beamerouterthemeelegant.sty)) (/Users/ronghaozhang/Library/Application Support/MiKTeX/texmfs/install/tex/latex/setspace/setspace.sty
Package: setspace 2022/12/04 v6.7b set line spacing
) (/Users/ronghaozhang/Library/Application Support/MiKTeX/texmfs/install/tex/latex/booktabs/booktabs.sty
Package: booktabs 2020/01/12 v1.61803398 Publication quality tables
\heavyrulewidth=\dimen307
\lightrulewidth=\dimen308
\cmidrulewidth=\dimen309
\belowrulesep=\dimen310
\belowbottomsep=\dimen311
\aboverulesep=\dimen312
\abovetopsep=\dimen313
\cmidrulesep=\dimen314
\cmidrulekern=\dimen315
\defaultaddspace=\dimen316
\@cmidla=\count343
\@cmidlb=\count344
\@aboverulesep=\dimen317
\@belowrulesep=\dimen318
\@thisruleclass=\count345
\@lastruleclass=\count346
\@thisrulewidth=\dimen319
) (/Users/ronghaozhang/Library/Application Support/MiKTeX/texmfs/install/tex/latex/colortbl/colortbl.sty
Package: colortbl 2022/06/20 v1.0f Color table columns (DPC)
 (/Users/ronghaozhang/Library/Application Support/MiKTeX/texmfs/install/tex/latex/tools/array.sty
Package: array 2022/03/10 v2.5f Tabular extension package (FMi)
\col@sep=\dimen320
\ar@mcellbox=\box81
\extrarowheight=\dimen321
\NC@list=\toks49
\extratabsurround=\skip64
\backup@length=\skip65
\ar@cellbox=\box82
)
\everycr=\toks50
\minrowclearance=\skip66
\rownum=\count347
) (/Users/ronghaozhang/Library/Application Support/MiKTeX/texmfs/install/tex/latex/ragged2e/ragged2e.sty
Package: ragged2e 2022/11/13 v3.2 ragged2e Package
\CenteringLeftskip=\skip67
\RaggedLeftLeftskip=\skip68
\RaggedRightLeftskip=\skip69
\CenteringRightskip=\skip70
\RaggedLeftRightskip=\skip71
\RaggedRightRightskip=\skip72
\CenteringParfillskip=\skip73
\RaggedLeftParfillskip=\skip74
\RaggedRightParfillskip=\skip75
\JustifyingParfillskip=\skip76
\CenteringParindent=\skip77
\RaggedLeftParindent=\skip78
\RaggedRightParindent=\skip79
\JustifyingParindent=\skip80
) (/Users/ronghaozhang/Library/Application Support/MiKTeX/texmfs/install/tex/latex/schemabloc/schemabloc.sty
Package: schemabloc 2006/12/29
 (/Users/ronghaozhang/Library/Application Support/MiKTeX/texmfs/install/tex/latex/base/ifthen.sty
Package: ifthen 2022/04/13 v1.1d Standard LaTeX ifthen package (DPC)
) (/Users/ronghaozhang/Library/Application Support/MiKTeX/texmfs/install/tex/generic/pgf/frontendlayer/tikz/libraries/tikzlibraryshapes.code.tex
File: tikzlibraryshapes.code.tex 2021/05/15 v3.1.9a (3.1.9a)
 (/Users/ronghaozhang/Library/Application Support/MiKTeX/texmfs/install/tex/generic/pgf/frontendlayer/tikz/libraries/tikzlibraryshapes.geometric.code.tex
File: tikzlibraryshapes.geometric.code.tex 2021/05/15 v3.1.9a (3.1.9a)
 (/Users/ronghaozhang/Library/Application Support/MiKTeX/texmfs/install/tex/generic/pgf/libraries/shapes/pgflibraryshapes.geometric.code.tex
File: pgflibraryshapes.geometric.code.tex 2021/05/15 v3.1.9a (3.1.9a)
)) (/Users/ronghaozhang/Library/Application Support/MiKTeX/texmfs/install/tex/generic/pgf/frontendlayer/tikz/libraries/tikzlibraryshapes.misc.code.tex
File: tikzlibraryshapes.misc.code.tex 2021/05/15 v3.1.9a (3.1.9a)
 (/Users/ronghaozhang/Library/Application Support/MiKTeX/texmfs/install/tex/generic/pgf/libraries/shapes/pgflibraryshapes.misc.code.tex
File: pgflibraryshapes.misc.code.tex 2021/05/15 v3.1.9a (3.1.9a)
)) (/Users/ronghaozhang/Library/Application Support/MiKTeX/texmfs/install/tex/generic/pgf/frontendlayer/tikz/libraries/tikzlibraryshapes.symbols.code.tex
File: tikzlibraryshapes.symbols.code.tex 2021/05/15 v3.1.9a (3.1.9a)
 (/Users/ronghaozhang/Library/Application Support/MiKTeX/texmfs/install/tex/generic/pgf/libraries/shapes/pgflibraryshapes.symbols.code.tex
File: pgflibraryshapes.symbols.code.tex 2021/05/15 v3.1.9a (3.1.9a)
)) (/Users/ronghaozhang/Library/Application Support/MiKTeX/texmfs/install/tex/generic/pgf/frontendlayer/tikz/libraries/tikzlibraryshapes.arrows.code.tex
File: tikzlibraryshapes.arrows.code.tex 2021/05/15 v3.1.9a (3.1.9a)
 (/Users/ronghaozhang/Library/Application Support/MiKTeX/texmfs/install/tex/generic/pgf/libraries/shapes/pgflibraryshapes.arrows.code.tex
File: pgflibraryshapes.arrows.code.tex 2021/05/15 v3.1.9a (3.1.9a)
)) (/Users/ronghaozhang/Library/Application Support/MiKTeX/texmfs/install/tex/generic/pgf/frontendlayer/tikz/libraries/tikzlibraryshapes.callouts.code.tex (/Users/ronghaozhang/Library/Application Support/MiKTeX/texmfs/install/tex/generic/pgf/libraries/shapes/pgflibraryshapes.callouts.code.tex)) (/Users/ronghaozhang/Library/Application Support/MiKTeX/texmfs/install/tex/generic/pgf/frontendlayer/tikz/libraries/tikzlibraryshapes.multipart.code.tex
File: tikzlibraryshapes.multipart.code.tex 2021/05/15 v3.1.9a (3.1.9a)
 (/Users/ronghaozhang/Library/Application Support/MiKTeX/texmfs/install/tex/generic/pgf/libraries/shapes/pgflibraryshapes.multipart.code.tex
File: pgflibraryshapes.multipart.code.tex 2021/05/15 v3.1.9a (3.1.9a)
\pgfnodepartlowerbox=\box83
\pgfnodeparttwobox=\box84
\pgfnodepartthreebox=\box85
\pgfnodepartfourbox=\box86
\pgfnodeparttwentybox=\box87
\pgfnodepartnineteenbox=\box88
\pgfnodeparteighteenbox=\box89
\pgfnodepartseventeenbox=\box90
\pgfnodepartsixteenbox=\box91
\pgfnodepartfifteenbox=\box92
\pgfnodepartfourteenbox=\box93
\pgfnodepartthirteenbox=\box94
\pgfnodeparttwelvebox=\box95
\pgfnodepartelevenbox=\box96
\pgfnodeparttenbox=\box97
\pgfnodepartninebox=\box98
\pgfnodeparteightbox=\box99
\pgfnodepartsevenbox=\box100
\pgfnodepartsixbox=\box101
\pgfnodepartfivebox=\box102
))) (/Users/ronghaozhang/Library/Application Support/MiKTeX/texmfs/install/tex/generic/pgf/frontendlayer/tikz/libraries/tikzlibraryarrows.code.tex
File: tikzlibraryarrows.code.tex 2021/05/15 v3.1.9a (3.1.9a)
 (/Users/ronghaozhang/Library/Application Support/MiKTeX/texmfs/install/tex/generic/pgf/libraries/pgflibraryarrows.code.tex
File: pgflibraryarrows.code.tex 2021/05/15 v3.1.9a (3.1.9a)
\arrowsize=\dimen322
))) (/Users/ronghaozhang/Library/Application Support/MiKTeX/texmfs/install/tex/latex/caption/caption.sty
Package: caption 2022/03/01 v3.6b Customizing captions (AR)
 (/Users/ronghaozhang/Library/Application Support/MiKTeX/texmfs/install/tex/latex/caption/caption3.sty
Package: caption3 2022/03/17 v2.3b caption3 kernel (AR)
\caption@tempdima=\dimen323
\captionmargin=\dimen324
\caption@leftmargin=\dimen325
\caption@rightmargin=\dimen326
\caption@width=\dimen327
\caption@indent=\dimen328
\caption@parindent=\dimen329
\caption@hangindent=\dimen330
Package caption Info: beamer document class detected.
 (/Users/ronghaozhang/Library/Application Support/MiKTeX/texmfs/install/tex/latex/caption/caption-beamer.sto
File: caption-beamer.sto 2022/01/06 v2.0c Adaption of the caption package to the beamer document classes (AR)
))
\c@caption@flags=\count348
\c@continuedfloat=\count349
Package caption Info: hyperref package is loaded.
Package caption Info: Hyperref support is turned off
(caption)             because hyperref has stopped early.
) (/Users/ronghaozhang/Library/Application Support/MiKTeX/texmfs/install/tex/latex/caption/subcaption.sty
Package: subcaption 2022/01/07 v1.5 Sub-captions (AR)
\c@subfigure=\count350
\c@subtable=\count351
) (/Users/ronghaozhang/Library/Application Support/MiKTeX/texmfs/install/tex/latex/tools/tabularx.sty
Package: tabularx 2020/01/15 v2.11c `tabularx' package (DPC)
\TX@col@width=\dimen331
\TX@old@table=\dimen332
\TX@old@col=\dimen333
\TX@target=\dimen334
\TX@delta=\dimen335
\TX@cols=\count352
\TX@ftn=\toks51
) (/Users/ronghaozhang/Library/Application Support/MiKTeX/texmfs/install/tex/latex/multirow/multirow.sty
Package: multirow 2021/03/15 v2.8 Span multiple rows of a table
\multirow@colwidth=\skip81
\multirow@cntb=\count353
\multirow@dima=\skip82
\bigstrutjot=\dimen336
) (/Users/ronghaozhang/Library/Application Support/MiKTeX/texmfs/install/tex/latex/biblatex/biblatex.sty
Package: biblatex 2022/07/12 v3.18b programmable bibliographies (PK/MW)
 (/Users/ronghaozhang/Library/Application Support/MiKTeX/texmfs/install/tex/latex/logreq/logreq.sty
Package: logreq 2010/08/04 v1.0 xml request logger
\lrq@indent=\count354
 (/Users/ronghaozhang/Library/Application Support/MiKTeX/texmfs/install/tex/latex/logreq/logreq.def
File: logreq.def 2010/08/04 v1.0 logreq spec v1.0
))
\c@tabx@nest=\count355
\c@listtotal=\count356
\c@listcount=\count357
\c@liststart=\count358
\c@liststop=\count359
\c@citecount=\count360
\c@citetotal=\count361
\c@multicitecount=\count362
\c@multicitetotal=\count363
\c@instcount=\count364
\c@maxnames=\count365
\c@minnames=\count366
\c@maxitems=\count367
\c@minitems=\count368
\c@citecounter=\count369
\c@maxcitecounter=\count370
\c@savedcitecounter=\count371
\c@uniquelist=\count372
\c@uniquename=\count373
\c@refsection=\count374
\c@refsegment=\count375
\c@maxextratitle=\count376
\c@maxextratitleyear=\count377
\c@maxextraname=\count378
\c@maxextradate=\count379
\c@maxextraalpha=\count380
\c@abbrvpenalty=\count381
\c@highnamepenalty=\count382
\c@lownamepenalty=\count383
\c@maxparens=\count384
\c@parenlevel=\count385
\blx@tempcnta=\count386
\blx@tempcntb=\count387
\blx@tempcntc=\count388
\c@blx@maxsection=\count389
\blx@maxsegment@0=\count390
\blx@notetype=\count391
\blx@parenlevel@text=\count392
\blx@parenlevel@foot=\count393
\blx@sectionciteorder@0=\count394
\blx@sectionciteorderinternal@0=\count395
\blx@entrysetcounter=\count396
\blx@biblioinstance=\count397
\labelnumberwidth=\skip83
\labelalphawidth=\skip84
\biblabelsep=\skip85
\bibitemsep=\skip86
\bibnamesep=\skip87
\bibinitsep=\skip88
\bibparsep=\skip89
\bibhang=\skip90
\blx@bcfin=\read3
\blx@bcfout=\write5
\blx@langwohyphens=\language79
\c@mincomprange=\count398
\c@maxcomprange=\count399
\c@mincompwidth=\count400
Package biblatex Info: Trying to load biblatex default data model...
Package biblatex Info: ... file 'blx-dm.def' found.
 (/Users/ronghaozhang/Library/Application Support/MiKTeX/texmfs/install/tex/latex/biblatex/blx-dm.def
File: blx-dm.def 2022/07/12 v3.18b biblatex localization (PK/MW)
)
Package biblatex Info: Trying to load biblatex bibstyle data model...
Package biblatex Info: ... file 'apa.dbx' found.
 (/Users/ronghaozhang/Library/Application Support/MiKTeX/texmfs/install/tex/latex/biblatex-apa/apa.dbx
File: apa.dbx 2022/06/22 v9.16 APA biblatex style data model
)
Package biblatex Info: Trying to load biblatex custom data model...
Package biblatex Info: ... file 'biblatex-dm.cfg' not found.
\c@afterword=\count401
\c@savedafterword=\count402
\c@annotator=\count403
\c@savedannotator=\count404
\c@author=\count405
\c@savedauthor=\count406
\c@bookauthor=\count407
\c@savedbookauthor=\count408
\c@commentator=\count409
\c@savedcommentator=\count410
\c@editor=\count411
\c@savededitor=\count412
\c@editora=\count413
\c@savededitora=\count414
\c@editorb=\count415
\c@savededitorb=\count416
\c@editorc=\count417
\c@savededitorc=\count418
\c@foreword=\count419
\c@savedforeword=\count420
\c@holder=\count421
\c@savedholder=\count422
\c@introduction=\count423
\c@savedintroduction=\count424
\c@namea=\count425
\c@savednamea=\count426
\c@nameb=\count427
\c@savednameb=\count428
\c@namec=\count429
\c@savednamec=\count430
\c@translator=\count431
\c@savedtranslator=\count432
\c@shortauthor=\count433
\c@savedshortauthor=\count434
\c@shorteditor=\count435
\c@savedshorteditor=\count436
\c@narrator=\count437
\c@savednarrator=\count438
\c@execproducer=\count439
\c@savedexecproducer=\count440
\c@execdirector=\count441
\c@savedexecdirector=\count442
\c@with=\count443
\c@savedwith=\count444
\c@labelname=\count445
\c@savedlabelname=\count446
\c@institution=\count447
\c@savedinstitution=\count448
\c@lista=\count449
\c@savedlista=\count450
\c@listb=\count451
\c@savedlistb=\count452
\c@listc=\count453
\c@savedlistc=\count454
\c@listd=\count455
\c@savedlistd=\count456
\c@liste=\count457
\c@savedliste=\count458
\c@listf=\count459
\c@savedlistf=\count460
\c@location=\count461
\c@savedlocation=\count462
\c@organization=\count463
\c@savedorganization=\count464
\c@origlocation=\count465
\c@savedoriglocation=\count466
\c@origpublisher=\count467
\c@savedorigpublisher=\count468
\c@publisher=\count469
\c@savedpublisher=\count470
\c@language=\count471
\c@savedlanguage=\count472
\c@origlanguage=\count473
\c@savedoriglanguage=\count474
\c@citation=\count475
\c@savedcitation=\count476
\c@pageref=\count477
\c@savedpageref=\count478
\shorthandwidth=\skip91
\shortjournalwidth=\skip92
\shortserieswidth=\skip93
\shorttitlewidth=\skip94
\shortauthorwidth=\skip95
\shorteditorwidth=\skip96
\locallabelnumberwidth=\skip97
\locallabelalphawidth=\skip98
\localshorthandwidth=\skip99
\localshortjournalwidth=\skip100
\localshortserieswidth=\skip101
\localshorttitlewidth=\skip102
\localshortauthorwidth=\skip103
\localshorteditorwidth=\skip104
Package biblatex Info: Trying to load compatibility code...
Package biblatex Info: ... file 'blx-compat.def' found.
 (/Users/ronghaozhang/Library/Application Support/MiKTeX/texmfs/install/tex/latex/biblatex/blx-compat.def
File: blx-compat.def 2022/07/12 v3.18b biblatex compatibility (PK/MW)
)
Package biblatex Info: Trying to load generic definitions...
Package biblatex Info: ... file 'biblatex.def' found.
 (/Users/ronghaozhang/Library/Application Support/MiKTeX/texmfs/install/tex/latex/biblatex/biblatex.def
File: biblatex.def 2022/07/12 v3.18b biblatex compatibility (PK/MW)
\c@textcitecount=\count479
\c@textcitetotal=\count480
\c@textcitemaxnames=\count481
\c@biburlbigbreakpenalty=\count482
\c@biburlbreakpenalty=\count483
\c@biburlnumpenalty=\count484
\c@biburlucpenalty=\count485
\c@biburllcpenalty=\count486
\biburlbigskip=\muskip18
\biburlnumskip=\muskip19
\biburlucskip=\muskip20
\biburllcskip=\muskip21
\c@smartand=\count487
)
Package biblatex Info: Trying to load bibliography style 'apa'...
Package biblatex Info: ... file 'apa.bbx' found.
 (/Users/ronghaozhang/Library/Application Support/MiKTeX/texmfs/install/tex/latex/biblatex-apa/apa.bbx
File: apa.bbx 2022/06/22 v9.16 APA biblatex references style
Package biblatex Info: Trying to load bibliography style 'standard'...
Package biblatex Info: ... file 'standard.bbx' found.
 (/Users/ronghaozhang/Library/Application Support/MiKTeX/texmfs/install/tex/latex/biblatex/bbx/standard.bbx
File: standard.bbx 2022/07/12 v3.18b biblatex bibliography style (PK/MW)
\c@bbx:relatedcount=\count488
\c@bbx:relatedtotal=\count489
)
Package biblatex Info: Delimiter 'nameyeardelim' in context 'bib' already defined, overwriting.
Package biblatex Info: Delimiter 'nameyeardelim' in context 'biblist' already defined, overwriting.
Package biblatex Info: Delimiter 'nonameyeardelim' in context 'bib' already defined, overwriting.
Package biblatex Info: Delimiter 'nonameyeardelim' in context 'biblist' already defined, overwriting.
)
Package biblatex Info: Trying to load citation style 'numeric'...
Package biblatex Info: ... file 'numeric.cbx' found.
 (/Users/ronghaozhang/Library/Application Support/MiKTeX/texmfs/install/tex/latex/biblatex/cbx/numeric.cbx
File: numeric.cbx 2022/07/12 v3.18b biblatex citation style (PK/MW)
Package biblatex Info: Redefining '\cite'.
Package biblatex Info: Redefining '\parencite'.
Package biblatex Info: Redefining '\footcite'.
Package biblatex Info: Redefining '\footcitetext'.
Package biblatex Info: Redefining '\smartcite'.
Package biblatex Info: Redefining '\supercite'.
Package biblatex Info: Redefining '\textcite'.
Package biblatex Info: Redefining '\textcites'.
Package biblatex Info: Redefining '\cites'.
Package biblatex Info: Redefining '\parencites'.
Package biblatex Info: Redefining '\smartcites'.
)
Package biblatex Info: Trying to load configuration file...
Package biblatex Info: ... file 'biblatex.cfg' found.
 (/Users/ronghaozhang/Library/Application Support/MiKTeX/texmfs/install/tex/latex/biblatex/biblatex.cfg
File: biblatex.cfg 
)
Package biblatex Info: Input encoding 'utf8' detected.
Package biblatex Info: Document encoding is UTF8 ....
 (/Users/ronghaozhang/Library/Application Support/MiKTeX/texmfs/install/tex/latex/l3kernel/expl3.sty
Package: expl3 2022-11-02 L3 programming layer (loader) 
 (/Users/ronghaozhang/Library/Application Support/MiKTeX/texmfs/install/tex/latex/l3backend/l3backend-pdftex.def
File: l3backend-pdftex.def 2022-10-26 L3 backend support: PDF output (pdfTeX)
\l__color_backend_stack_int=\count490
\l__pdf_internal_box=\box103
))
Package biblatex Info: ... and expl3
(biblatex)             2022-11-02 L3 programming layer (loader) 
(biblatex)             is new enough (at least 2020/04/06),
(biblatex)             setting 'casechanger=expl3'.
 (/Users/ronghaozhang/Library/Application Support/MiKTeX/texmfs/install/tex/latex/biblatex/blx-case-expl3.sty (/Users/ronghaozhang/Library/Application Support/MiKTeX/texmfs/install/tex/latex/l3packages/xparse/xparse.sty
Package: xparse 2022-06-22 L3 Experimental document command parser
)
Package: blx-case-expl3 2022/07/12 v3.18b expl3 case changing code for biblatex
)) (/Users/ronghaozhang/Library/Application Support/MiKTeX/texmfs/install/tex/latex/wrapfig/wrapfig.sty
\wrapoverhang=\dimen337
\WF@size=\dimen338
\c@WF@wrappedlines=\count491
\WF@box=\box104
\WF@everypar=\toks52
Package: wrapfig 2003/01/31  v 3.6
) (/Users/ronghaozhang/Library/Application Support/MiKTeX/texmfs/install/tex/latex/pgfplots/pgfplots.sty (/Users/ronghaozhang/Library/Application Support/MiKTeX/texmfs/install/tex/generic/pgfplots/pgfplots.revision.tex)
Package: pgfplots 2021/05/15 v1.18.1 Data Visualization (1.18.1)
 (/Users/ronghaozhang/Library/Application Support/MiKTeX/texmfs/install/tex/generic/pgfplots/pgfplots.code.tex (/Users/ronghaozhang/Library/Application Support/MiKTeX/texmfs/install/tex/generic/pgfplots/pgfplotscore.code.tex
\t@pgfplots@toka=\toks53
\t@pgfplots@tokb=\toks54
\t@pgfplots@tokc=\toks55
\pgfplots@tmpa=\dimen339
\c@pgfplots@coordindex=\count492
\c@pgfplots@scanlineindex=\count493
 (/Users/ronghaozhang/Library/Application Support/MiKTeX/texmfs/install/tex/generic/pgfplots/sys/pgfplotssysgeneric.code.tex)) (/Users/ronghaozhang/Library/Application Support/MiKTeX/texmfs/install/tex/generic/pgfplots/libs/pgfplotslibrary.code.tex) (/Users/ronghaozhang/Library/Application Support/MiKTeX/texmfs/install/tex/generic/pgfplots/oldpgfcompatib/pgfplotsoldpgfsupp_loader.code.tex (/Users/ronghaozhang/Library/Application Support/MiKTeX/texmfs/install/tex/generic/pgf/libraries/pgflibraryfpu.code.tex)) (/Users/ronghaozhang/Library/Application Support/MiKTeX/texmfs/install/tex/generic/pgfplots/util/pgfplotsutil.code.tex (/Users/ronghaozhang/Library/Application Support/MiKTeX/texmfs/install/tex/generic/pgfplots/liststructure/pgfplotsliststructure.code.tex)
(/Users/ronghaozhang/Library/Application Support/MiKTeX/texmfs/install/tex/generic/pgfplots/liststructure/pgfplotsliststructureext.code.tex) (/Users/ronghaozhang/Library/Application Support/MiKTeX/texmfs/install/tex/generic/pgfplots/liststructure/pgfplotsarray.code.tex
\c@pgfplotsarray@tmp=\count494
) (/Users/ronghaozhang/Library/Application Support/MiKTeX/texmfs/install/tex/generic/pgfplots/liststructure/pgfplotsmatrix.code.tex) (/Users/ronghaozhang/Library/Application Support/MiKTeX/texmfs/install/tex/generic/pgfplots/numtable/pgfplotstableshared.code.tex
\c@pgfplotstable@counta=\count495
\t@pgfplotstable@a=\toks56
) (/Users/ronghaozhang/Library/Application Support/MiKTeX/texmfs/install/tex/generic/pgfplots/liststructure/pgfplotsdeque.code.tex) (/Users/ronghaozhang/Library/Application Support/MiKTeX/texmfs/install/tex/generic/pgfplots/util/pgfplotsbinary.code.tex (/Users/ronghaozhang/Library/Application Support/MiKTeX/texmfs/install/tex/generic/pgfplots/util/pgfplotsbinary.data.code.tex)) (/Users/ronghaozhang/Library/Application Support/MiKTeX/texmfs/install/tex/generic/pgfplots/util/pgfplotsutil.verb.code.tex) (/Users/ronghaozhang/Library/Application Support/MiKTeX/texmfs/install/tex/generic/pgfplots/libs/pgflibrarypgfplots.surfshading.code.tex
\c@pgfplotslibrarysurf@no=\count496
 (/Users/ronghaozhang/Library/Application Support/MiKTeX/texmfs/install/tex/generic/pgfplots/sys/pgflibrarypgfplots.surfshading.pgfsys-pdftex.def))) (/Users/ronghaozhang/Library/Application Support/MiKTeX/texmfs/install/tex/generic/pgfplots/util/pgfplotscolormap.code.tex (/Users/ronghaozhang/Library/Application Support/MiKTeX/texmfs/install/tex/generic/pgfplots/util/pgfplotscolor.code.tex)) (/Users/ronghaozhang/Library/Application Support/MiKTeX/texmfs/install/tex/generic/pgfplots/pgfplotsstackedplots.code.tex) (/Users/ronghaozhang/Library/Application Support/MiKTeX/texmfs/install/tex/generic/pgfplots/pgfplotsplothandlers.code.tex (/Users/ronghaozhang/Library/Application Support/MiKTeX/texmfs/install/tex/generic/pgfplots/pgfplotsmeshplothandler.code.tex (/Users/ronghaozhang/Library/Application Support/MiKTeX/texmfs/install/tex/generic/pgfplots/pgfplotsmeshplotimage.code.tex))) (/Users/ronghaozhang/Library/Application Support/MiKTeX/texmfs/install/tex/generic/pgfplots/pgfplots.scaling.code.tex) (/Users/ronghaozhang/Library/Application Support/MiKTeX/texmfs/install/tex/generic/pgfplots/pgfplotscoordprocessing.code.tex) (/Users/ronghaozhang/Library/Application Support/MiKTeX/texmfs/install/tex/generic/pgfplots/pgfplots.errorbars.code.tex) (/Users/ronghaozhang/Library/Application Support/MiKTeX/texmfs/install/tex/generic/pgfplots/pgfplots.markers.code.tex) (/Users/ronghaozhang/Library/Application Support/MiKTeX/texmfs/install/tex/generic/pgfplots/pgfplotsticks.code.tex) (/Users/ronghaozhang/Library/Application Support/MiKTeX/texmfs/install/tex/generic/pgfplots/pgfplots.paths.code.tex) (/Users/ronghaozhang/Library/Application Support/MiKTeX/texmfs/install/tex/generic/pgf/frontendlayer/tikz/libraries/tikzlibrarydecorations.code.tex (/Users/ronghaozhang/Library/Application Support/MiKTeX/texmfs/install/tex/generic/pgf/modules/pgfmoduledecorations.code.tex
\pgfdecoratedcompleteddistance=\dimen340
\pgfdecoratedremainingdistance=\dimen341
\pgfdecoratedinputsegmentcompleteddistance=\dimen342
\pgfdecoratedinputsegmentremainingdistance=\dimen343
\pgf@decorate@distancetomove=\dimen344
\pgf@decorate@repeatstate=\count497
\pgfdecorationsegmentamplitude=\dimen345
\pgfdecorationsegmentlength=\dimen346
)
\tikz@lib@dec@box=\box105
) (/Users/ronghaozhang/Library/Application Support/MiKTeX/texmfs/install/tex/generic/pgf/frontendlayer/tikz/libraries/tikzlibrarydecorations.pathmorphing.code.tex (/Users/ronghaozhang/Library/Application Support/MiKTeX/texmfs/install/tex/generic/pgf/libraries/decorations/pgflibrarydecorations.pathmorphing.code.tex)) (/Users/ronghaozhang/Library/Application Support/MiKTeX/texmfs/install/tex/generic/pgf/frontendlayer/tikz/libraries/tikzlibrarydecorations.pathreplacing.code.tex (/Users/ronghaozhang/Library/Application Support/MiKTeX/texmfs/install/tex/generic/pgf/libraries/decorations/pgflibrarydecorations.pathreplacing.code.tex)) (/Users/ronghaozhang/Library/Application Support/MiKTeX/texmfs/install/tex/generic/pgfplots/libs/tikzlibrarypgfplots.contourlua.code.tex)
\pgfplots@numplots=\count498
\pgfplots@xmin@reg=\dimen347
\pgfplots@xmax@reg=\dimen348
\pgfplots@ymin@reg=\dimen349
\pgfplots@ymax@reg=\dimen350
\pgfplots@zmin@reg=\dimen351
\pgfplots@zmax@reg=\dimen352
) (/Users/ronghaozhang/Library/Application Support/MiKTeX/texmfs/install/tex/generic/pgf/frontendlayer/tikz/libraries/tikzlibraryplotmarks.code.tex
File: tikzlibraryplotmarks.code.tex 2021/05/15 v3.1.9a (3.1.9a)
 (/Users/ronghaozhang/Library/Application Support/MiKTeX/texmfs/install/tex/generic/pgf/libraries/pgflibraryplotmarks.code.tex
File: pgflibraryplotmarks.code.tex 2021/05/15 v3.1.9a (3.1.9a)
))) (/Users/ronghaozhang/Library/Application Support/MiKTeX/texmfs/install/tex/latex/adjustbox/adjustbox.sty
Package: adjustbox 2022/10/17 v1.3a Adjusting TeX boxes (trim, clip, ...)
 (/Users/ronghaozhang/Library/Application Support/MiKTeX/texmfs/install/tex/latex/xkeyval/xkeyval.sty
Package: xkeyval 2022/06/16 v2.9 package option processing (HA)
 (/Users/ronghaozhang/Library/Application Support/MiKTeX/texmfs/install/tex/generic/xkeyval/xkeyval.tex (/Users/ronghaozhang/Library/Application Support/MiKTeX/texmfs/install/tex/generic/xkeyval/xkvutils.tex
\XKV@toks=\toks57
\XKV@tempa@toks=\toks58
)
\XKV@depth=\count499
File: xkeyval.tex 2014/12/03 v2.7a key=value parser (HA)
)) (/Users/ronghaozhang/Library/Application Support/MiKTeX/texmfs/install/tex/latex/adjustbox/adjcalc.sty
Package: adjcalc 2012/05/16 v1.1 Provides advanced setlength with multiple back-ends (calc, etex, pgfmath)
) (/Users/ronghaozhang/Library/Application Support/MiKTeX/texmfs/install/tex/latex/adjustbox/trimclip.sty
Package: trimclip 2020/08/19 v1.2 Trim and clip general TeX material
 (/Users/ronghaozhang/Library/Application Support/MiKTeX/texmfs/install/tex/latex/collectbox/collectbox.sty
Package: collectbox 2022/10/17 v0.4c Collect macro arguments as boxes
\collectedbox=\box106
)
\tc@llx=\dimen353
\tc@lly=\dimen354
\tc@urx=\dimen355
\tc@ury=\dimen356
Package trimclip Info: Using driver 'tc-pdftex.def'.
 (/Users/ronghaozhang/Library/Application Support/MiKTeX/texmfs/install/tex/latex/adjustbox/tc-pdftex.def
File: tc-pdftex.def 2019/01/04 v2.2 Clipping driver for pdftex
))
\adjbox@Width=\dimen357
\adjbox@Height=\dimen358
\adjbox@Depth=\dimen359
\adjbox@Totalheight=\dimen360
\adjbox@pwidth=\dimen361
\adjbox@pheight=\dimen362
\adjbox@pdepth=\dimen363
\adjbox@ptotalheight=\dimen364
 (/Users/ronghaozhang/Library/Application Support/MiKTeX/texmfs/install/tex/latex/ifoddpage/ifoddpage.sty
Package: ifoddpage 2022/10/18 v1.2 Conditionals for odd/even page detection
\c@checkoddpage=\count500
) (/Users/ronghaozhang/Library/Application Support/MiKTeX/texmfs/install/tex/latex/varwidth/varwidth.sty
Package: varwidth 2009/03/30 ver 0.92;  Variable-width minipages
\@vwid@box=\box107
\sift@deathcycles=\count501
\@vwid@loff=\dimen365
\@vwid@roff=\dimen366
)) (/Users/ronghaozhang/Library/Application Support/MiKTeX/texmfs/install/tex/latex/environ/environ.sty
Package: environ 2014/05/04 v0.3 A new way to define environments
 (/Users/ronghaozhang/Library/Application Support/MiKTeX/texmfs/install/tex/latex/trimspaces/trimspaces.sty
Package: trimspaces 2009/09/17 v1.1 Trim spaces around a token list
))
\measure@tikzpicture=\box108
 (/Users/ronghaozhang/Library/Application Support/MiKTeX/texmfs/install/tex/latex/base/textcomp.sty
Package: textcomp 2020/02/02 v2.0n Standard LaTeX package
) (/Users/ronghaozhang/Library/Application Support/MiKTeX/texmfs/install/tex/latex/mathtools/mathtools.sty
Package: mathtools 2022/06/29 v1.29 mathematical typesetting tools
 (/Users/ronghaozhang/Library/Application Support/MiKTeX/texmfs/install/tex/latex/tools/calc.sty
Package: calc 2017/05/25 v4.3 Infix arithmetic (KKT,FJ)
\calc@Acount=\count502
\calc@Bcount=\count503
\calc@Adimen=\dimen367
\calc@Bdimen=\dimen368
\calc@Askip=\skip105
\calc@Bskip=\skip106
LaTeX Info: Redefining \setlength on input line 80.
LaTeX Info: Redefining \addtolength on input line 81.
\calc@Ccount=\count504
\calc@Cskip=\skip107
) (/Users/ronghaozhang/Library/Application Support/MiKTeX/texmfs/install/tex/latex/mathtools/mhsetup.sty
Package: mhsetup 2021/03/18 v1.4 programming setup (MH)
)
\g_MT_multlinerow_int=\count505
\l_MT_multwidth_dim=\dimen369
\origjot=\skip108
\l_MT_shortvdotswithinadjustabove_dim=\dimen370
\l_MT_shortvdotswithinadjustbelow_dim=\dimen371
\l_MT_above_intertext_sep=\dimen372
\l_MT_below_intertext_sep=\dimen373
\l_MT_above_shortintertext_sep=\dimen374
\l_MT_below_shortintertext_sep=\dimen375
\xmathstrut@box=\box109
\xmathstrut@dim=\dimen376
)
\c@fact=\count506
\c@examp=\count507
\c@definition=\count508
\c@proposition=\count509
\c@theorem=\count510
\c@assumption=\count511
)
\@quotelevel=\count512
\@quotereset=\count513
LaTeX Font Info:    Trying to load font information for T1+ppl on input line 40.
 (/Users/ronghaozhang/Library/Application Support/MiKTeX/texmfs/install/tex/latex/psnfss/t1ppl.fd
File: t1ppl.fd 2001/06/04 font definitions for T1/ppl.
) (slides.aux)
\openout1 = `slides.aux'.

LaTeX Font Info:    Checking defaults for OML/cmm/m/it on input line 40.
LaTeX Font Info:    ... okay on input line 40.
LaTeX Font Info:    Checking defaults for OMS/cmsy/m/n on input line 40.
LaTeX Font Info:    ... okay on input line 40.
LaTeX Font Info:    Checking defaults for OT1/cmr/m/n on input line 40.
LaTeX Font Info:    ... okay on input line 40.
LaTeX Font Info:    Checking defaults for T1/cmr/m/n on input line 40.
LaTeX Font Info:    ... okay on input line 40.
LaTeX Font Info:    Checking defaults for TS1/cmr/m/n on input line 40.
LaTeX Font Info:    ... okay on input line 40.
LaTeX Font Info:    Checking defaults for OMX/cmex/m/n on input line 40.
LaTeX Font Info:    ... okay on input line 40.
LaTeX Font Info:    Checking defaults for U/cmr/m/n on input line 40.
LaTeX Font Info:    ... okay on input line 40.
LaTeX Font Info:    Checking defaults for PD1/pdf/m/n on input line 40.
LaTeX Font Info:    ... okay on input line 40.
LaTeX Font Info:    Checking defaults for PU/pdf/m/n on input line 40.
LaTeX Font Info:    ... okay on input line 40.

*geometry* driver: auto-detecting
*geometry* detected driver: pdftex
*geometry* verbose mode - [ preamble ] result:
* driver: pdftex
* paper: custom
* layout: <same size as paper>
* layoutoffset:(h,v)=(0.0pt,0.0pt)
* modes: includehead includefoot 
* h-part:(L,W,R)=(42.67912pt, 483.69687pt, 42.67912pt)
* v-part:(T,H,B)=(0.0pt, 369.88582pt, 0.0pt)
* \paperwidth=569.05511pt
* \paperheight=369.88582pt
* \textwidth=483.69687pt
* \textheight=341.43309pt
* \oddsidemargin=-29.59087pt
* \evensidemargin=-29.59087pt
* \topmargin=-72.26999pt
* \headheight=14.22636pt
* \headsep=0.0pt
* \topskip=11.0pt
* \footskip=14.22636pt
* \marginparwidth=4.0pt
* \marginparsep=10.0pt
* \columnsep=10.0pt
* \skip\footins=10.0pt plus 4.0pt minus 2.0pt
* \hoffset=0.0pt
* \voffset=0.0pt
* \mag=1000
* \@twocolumnfalse
* \@twosidefalse
* \@mparswitchfalse
* \@reversemarginfalse
* (1in=72.27pt=25.4mm, 1cm=28.453pt)

(/Users/ronghaozhang/Library/Application Support/MiKTeX/texmfs/install/tex/context/base/mkii/supp-pdf.mkii
[Loading MPS to PDF converter (version 2006.09.02).]
\scratchcounter=\count514
\scratchdimen=\dimen377
\scratchbox=\box110
\nofMPsegments=\count515
\nofMParguments=\count516
\everyMPshowfont=\toks59
\MPscratchCnt=\count517
\MPscratchDim=\dimen378
\MPnumerator=\count518
\makeMPintoPDFobject=\count519
\everyMPtoPDFconversion=\toks60
) (/Users/ronghaozhang/Library/Application Support/MiKTeX/texmfs/install/tex/latex/epstopdf-pkg/epstopdf-base.sty
Package: epstopdf-base 2020-01-24 v2.11 Base part for package epstopdf
Package epstopdf-base Info: Redefining graphics rule for `.eps' on input line 485.
 (/Users/ronghaozhang/Library/Application Support/MiKTeX/texmfs/install/tex/latex/00miktex/epstopdf-sys.cfg
File: epstopdf-sys.cfg 2021/03/18 v2.0 Configuration of epstopdf for MiKTeX
))
Package hyperref Info: Link coloring OFF on input line 40.
 (slides.out) (slides.out)
\@outlinefile=\write6
\openout6 = `slides.out'.

\symnumbers=\mathgroup6
\sympureletters=\mathgroup7
LaTeX Font Info:    Overwriting math alphabet `\mathrm' in version `normal'
(Font)                  OT1/cmr/m/n --> T1/ppl/m/n on input line 40.
LaTeX Font Info:    Redeclaring math alphabet \mathbf on input line 40.
LaTeX Font Info:    Overwriting math alphabet `\mathbf' in version `normal'
(Font)                  OT1/cmr/bx/n --> T1/ppl/b/n on input line 40.
LaTeX Font Info:    Overwriting math alphabet `\mathbf' in version `bold'
(Font)                  OT1/cmr/bx/n --> T1/ppl/b/n on input line 40.
LaTeX Font Info:    Redeclaring math alphabet \mathsf on input line 40.
LaTeX Font Info:    Overwriting math alphabet `\mathsf' in version `normal'
(Font)                  OT1/cmss/m/n --> T1/phv/m/n on input line 40.
LaTeX Font Info:    Overwriting math alphabet `\mathsf' in version `bold'
(Font)                  OT1/cmss/bx/n --> T1/phv/m/n on input line 40.
LaTeX Font Info:    Redeclaring math alphabet \mathit on input line 40.
LaTeX Font Info:    Overwriting math alphabet `\mathit' in version `normal'
(Font)                  OT1/cmr/m/it --> T1/ppl/m/it on input line 40.
LaTeX Font Info:    Overwriting math alphabet `\mathit' in version `bold'
(Font)                  OT1/cmr/bx/it --> T1/ppl/m/it on input line 40.
LaTeX Font Info:    Redeclaring math alphabet \mathtt on input line 40.
LaTeX Font Info:    Overwriting math alphabet `\mathtt' in version `normal'
(Font)                  OT1/cmtt/m/n --> T1/pcr/m/n on input line 40.
LaTeX Font Info:    Overwriting math alphabet `\mathtt' in version `bold'
(Font)                  OT1/cmtt/m/n --> T1/pcr/m/n on input line 40.
LaTeX Font Info:    Overwriting symbol font `numbers' in version `bold'
(Font)                  T1/ppl/m/n --> T1/ppl/b/n on input line 40.
LaTeX Font Info:    Overwriting symbol font `pureletters' in version `bold'
(Font)                  T1/ppl/m/it --> T1/ppl/b/it on input line 40.
LaTeX Font Info:    Overwriting math alphabet `\mathrm' in version `bold'
(Font)                  OT1/cmr/bx/n --> T1/ppl/b/n on input line 40.
LaTeX Font Info:    Overwriting math alphabet `\mathbf' in version `bold'
(Font)                  T1/ppl/b/n --> T1/ppl/b/n on input line 40.
LaTeX Font Info:    Overwriting math alphabet `\mathsf' in version `bold'
(Font)                  T1/phv/m/n --> T1/phv/b/n on input line 40.
LaTeX Font Info:    Overwriting math alphabet `\mathit' in version `bold'
(Font)                  T1/ppl/m/it --> T1/ppl/b/it on input line 40.
LaTeX Font Info:    Overwriting math alphabet `\mathtt' in version `bold'
(Font)                  T1/pcr/m/n --> T1/pcr/b/n on input line 40.
 (/Users/ronghaozhang/Library/Application Support/MiKTeX/texmfs/install/tex/latex/translator/translator-basic-dictionary-English.dict
Dictionary: translator-basic-dictionary, Language: English 
) (/Users/ronghaozhang/Library/Application Support/MiKTeX/texmfs/install/tex/latex/translator/translator-bibliography-dictionary-English.dict
Dictionary: translator-bibliography-dictionary, Language: English 
) (/Users/ronghaozhang/Library/Application Support/MiKTeX/texmfs/install/tex/latex/translator/translator-environment-dictionary-English.dict
Dictionary: translator-environment-dictionary, Language: English 
) (/Users/ronghaozhang/Library/Application Support/MiKTeX/texmfs/install/tex/latex/translator/translator-months-dictionary-English.dict
Dictionary: translator-months-dictionary, Language: English 
) (/Users/ronghaozhang/Library/Application Support/MiKTeX/texmfs/install/tex/latex/translator/translator-numbers-dictionary-English.dict
Dictionary: translator-numbers-dictionary, Language: English 
) (/Users/ronghaozhang/Library/Application Support/MiKTeX/texmfs/install/tex/latex/translator/translator-theorem-dictionary-English.dict
Dictionary: translator-theorem-dictionary, Language: English 
)
Package caption Info: Begin \AtBeginDocument code.
Package caption Info: wrapfig package is loaded.
Package caption Info: End \AtBeginDocument code.
Package biblatex Info: Trying to load language 'english' -> 'english-apa'...
Package biblatex Info: ... file 'english-apa.lbx' found.
 (/Users/ronghaozhang/Library/Application Support/MiKTeX/texmfs/install/tex/latex/biblatex-apa/english-apa.lbx
File: english-apa.lbx 2022/06/22 v9.16 APA biblatex localisation
Package biblatex Info: Trying to load language 'english'...
Package biblatex Info: ... file 'english.lbx' found.
 (/Users/ronghaozhang/Library/Application Support/MiKTeX/texmfs/install/tex/latex/biblatex/lbx/english.lbx
File: english.lbx 2022/07/12 v3.18b biblatex localization (PK/MW)
)
Package biblatex Info: Trying to load language 'american' -> 'american-apa'...
Package biblatex Info: ... file 'american-apa.lbx' found.
 (/Users/ronghaozhang/Library/Application Support/MiKTeX/texmfs/install/tex/latex/biblatex-apa/american-apa.lbx
File: american-apa.lbx 2022/06/22 v9.16 APA biblatex localisation
Package biblatex Info: Trying to load language 'american'...
Package biblatex Info: ... file 'american.lbx' found.
 (/Users/ronghaozhang/Library/Application Support/MiKTeX/texmfs/install/tex/latex/biblatex/lbx/american.lbx
File: american.lbx 2022/07/12 v3.18b biblatex localization (PK/MW)
Package biblatex Info: Trying to load language 'english'...
Package biblatex Info: ... file 'english.lbx' found.
 (/Users/ronghaozhang/Library/Application Support/MiKTeX/texmfs/install/tex/latex/biblatex/lbx/english.lbx
File: english.lbx 2022/07/12 v3.18b biblatex localization (PK/MW)
))))
Package biblatex Info: Input encoding 'utf8' detected.
Package biblatex Info: Automatic encoding selection.
(biblatex)             Assuming data encoding 'utf8'.
\openout5 = `slides.bcf'.

Package biblatex Info: Trying to load bibliographic data...
Package biblatex Info: ... file 'slides.bbl' found.
 (slides.bbl)
Package biblatex Info: Reference section=0 on input line 40.
Package biblatex Info: Reference segment=0 on input line 40.

Package pgfplots notification 'compat/show suggested version=true': document has been generated with the most recent feature set (\pgfplotsset{compat=1.18}).

(slides.nav) [1

{/Users/ronghaozhang/Library/Application Support/MiKTeX/texmfs/data/fonts/map/pdftex/pdftex.map}] (slides.toc) [2

] (slides.toc) [3

] [4

]
LaTeX Font Info:    Trying to load font information for U+msa on input line 81.
 (/Users/ronghaozhang/Library/Application Support/MiKTeX/texmfs/install/tex/latex/amsfonts/umsa.fd
File: umsa.fd 2013/01/14 v3.01 AMS symbols A
)
LaTeX Font Info:    Trying to load font information for U+msb on input line 81.
 (/Users/ronghaozhang/Library/Application Support/MiKTeX/texmfs/install/tex/latex/amsfonts/umsb.fd
File: umsb.fd 2013/01/14 v3.01 AMS symbols B
) [5

] [6

]
<./images//AldoFruc_Nephron.jpg, id=122, 2963.07pt x 4015.0pt>
File: ./images//AldoFruc_Nephron.jpg Graphic file (type jpg)
<use ./images//AldoFruc_Nephron.jpg>
Package pdftex.def Info: ./images//AldoFruc_Nephron.jpg  used on input line 135.
(pdftex.def)             Requested size: 133.3324pt x 180.6672pt.
 [7

 <./images//AldoFruc_Nephron.jpg>]
<./images//AldoFruc_CortexCollection.jpg, id=137, 304.13625pt x 532.99126pt>
File: ./images//AldoFruc_CortexCollection.jpg Graphic file (type jpg)
<use ./images//AldoFruc_CortexCollection.jpg>
Package pdftex.def Info: ./images//AldoFruc_CortexCollection.jpg  used on input line 164.
(pdftex.def)             Requested size: 118.61266pt x 207.86575pt.
<./images//AldoFruc_RNAPurify.jpg, id=141, 1411.2725pt x 2569.6pt>
File: ./images//AldoFruc_RNAPurify.jpg Graphic file (type jpg)
<use ./images//AldoFruc_RNAPurify.jpg>
Package pdftex.def Info: ./images//AldoFruc_RNAPurify.jpg  used on input line 164.
(pdftex.def)             Requested size: 112.9041pt x 205.5722pt.
<./images//AldoFruc_NGS.jpg, id=142, 267.399pt x 560.5743pt>
File: ./images//AldoFruc_NGS.jpg Graphic file (type jpg)
<use ./images//AldoFruc_NGS.jpg>
Package pdftex.def Info: ./images//AldoFruc_NGS.jpg  used on input line 164.
(pdftex.def)             Requested size: 104.28519pt x 218.6231pt.

Overfull \vbox (21.32751pt too high) detected at line 164
 []

[8

 <./images//AldoFruc_CortexCollection.jpg> <./images//AldoFruc_RNAPurify.jpg> <./images//AldoFruc_NGS.jpg>]
<./images//AldoFruc_BioInfo.jpg, id=161, 460.8417pt x 361.35pt>
File: ./images//AldoFruc_BioInfo.jpg Graphic file (type jpg)
<use ./images//AldoFruc_BioInfo.jpg>
Package pdftex.def Info: ./images//AldoFruc_BioInfo.jpg  used on input line 175.
(pdftex.def)             Requested size: 322.58699pt x 252.94327pt.

Overfull \vbox (23.57262pt too high) detected at line 175
 []

[9

 <./images//AldoFruc_BioInfo.jpg>]
<./images//AldoFruc_DataProcess.jpg, id=169, 551.1792pt x 396.0396pt>
File: ./images//AldoFruc_DataProcess.jpg Graphic file (type jpg)
<use ./images//AldoFruc_DataProcess.jpg>
Package pdftex.def Info: ./images//AldoFruc_DataProcess.jpg  used on input line 186.
(pdftex.def)             Requested size: 374.79689pt x 269.30336pt.

Overfull \vbox (26.60776pt too high) detected at line 186
 []

[10

 <./images//AldoFruc_DataProcess.jpg>]
LaTeX Font Info:    Trying to load font information for T1+pcr on input line 224.
 (/Users/ronghaozhang/Library/Application Support/MiKTeX/texmfs/install/tex/latex/psnfss/t1pcr.fd
File: t1pcr.fd 2001/06/04 font definitions for T1/pcr.
)
<./images//AldoFruc_AdjMatrix.jpg, id=179, 325.215pt x 426.8748pt>
File: ./images//AldoFruc_AdjMatrix.jpg Graphic file (type jpg)
<use ./images//AldoFruc_AdjMatrix.jpg>
Package pdftex.def Info: ./images//AldoFruc_AdjMatrix.jpg  used on input line 224.
(pdftex.def)             Requested size: 195.1305pt x 256.12685pt.

Overfull \vbox (22.23946pt too high) detected at line 224
 []

[11

 <./images//AldoFruc_AdjMatrix.jpg>]
<./images//AldoFruc_Module.jpg, id=190, 275.5896pt x 286.4301pt>
File: ./images//AldoFruc_Module.jpg Graphic file (type jpg)
<use ./images//AldoFruc_Module.jpg>
Package pdftex.def Info: ./images//AldoFruc_Module.jpg  used on input line 256.
(pdftex.def)             Requested size: 206.69168pt x 214.82204pt.
 [12

 <./images//AldoFruc_Module.jpg>]
<./images//AldoFruc_ModuleResult.jpg, id=200, 1173.9057pt x 478.9092pt>
File: ./images//AldoFruc_ModuleResult.jpg Graphic file (type jpg)
<use ./images//AldoFruc_ModuleResult.jpg>
Package pdftex.def Info: ./images//AldoFruc_ModuleResult.jpg  used on input line 268.
(pdftex.def)             Requested size: 516.52011pt x 210.72069pt.

Overfull \hbox (32.82324pt too wide) in paragraph at lines 268--268
 [] 
 []


Overfull \vbox (5.10016pt too high) detected at line 268
 []

[13

 <./images//AldoFruc_ModuleResult.jpg>]
<./images//AldoFruc_ModuleTraitResult.jpg, id=208, 316.5426pt x 198.7425pt>
File: ./images//AldoFruc_ModuleTraitResult.jpg Graphic file (type jpg)
<use ./images//AldoFruc_ModuleTraitResult.jpg>
Package pdftex.def Info: ./images//AldoFruc_ModuleTraitResult.jpg  used on input line 286.
(pdftex.def)             Requested size: 253.23442pt x 158.9942pt.
 [14

 <./images//AldoFruc_ModuleTraitResult.jpg>] [15

] [16

] [17

]
<./images//Neuro_BCI.jpg, id=242, 361.35pt x 283.2984pt>
File: ./images//Neuro_BCI.jpg Graphic file (type jpg)
<use ./images//Neuro_BCI.jpg>
Package pdftex.def Info: ./images//Neuro_BCI.jpg  used on input line 337.
(pdftex.def)             Requested size: 216.81168pt x 169.98035pt.

Overfull \hbox (21.90005pt too wide) in paragraph at lines 337--337
[][]
 []


Underfull \hbox (badness 10000) in paragraph at lines 337--337

 []


Overfull \vbox (6.27257pt too high) detected at line 337
 []

[18

 <./images//Neuro_BCI.jpg>] [19

]
<./images//Neuro_RecepLoca.jpg, id=260, 347.2975pt x 301.125pt>
File: ./images//Neuro_RecepLoca.jpg Graphic file (type jpg)
<use ./images//Neuro_RecepLoca.jpg>
Package pdftex.def Info: ./images//Neuro_RecepLoca.jpg  used on input line 390.
(pdftex.def)             Requested size: 131.97441pt x 114.42868pt.
<./images//Neuro_RecepFunc.jpg, id=263, 384.43625pt x 388.45125pt>
File: ./images//Neuro_RecepFunc.jpg Graphic file (type jpg)
<use ./images//Neuro_RecepFunc.jpg>
Package pdftex.def Info: ./images//Neuro_RecepFunc.jpg  used on input line 390.
(pdftex.def)             Requested size: 115.33176pt x 116.53627pt.
<./images//Neuro_Fabric.jpg, id=266, 343.2825pt x 317.185pt>
File: ./images//Neuro_Fabric.jpg Graphic file (type jpg)
<use ./images//Neuro_Fabric.jpg>
Package pdftex.def Info: ./images//Neuro_Fabric.jpg  used on input line 390.
(pdftex.def)             Requested size: 127.01253pt x 117.3566pt.
 [20

 <./images//Neuro_RecepLoca.jpg> <./images//Neuro_RecepFunc.jpg> <./images//Neuro_Fabric.jpg>]
<./images//Neuro_Confocal.jpg, id=278, 280.1667pt x 189.8292pt>
File: ./images//Neuro_Confocal.jpg Graphic file (type jpg)
<use ./images//Neuro_Confocal.jpg>
Package pdftex.def Info: ./images//Neuro_Confocal.jpg  used on input line 415.
(pdftex.def)             Requested size: 252.14769pt x 170.84468pt.
<./images//Neuro_RawHeight.jpg, id=279, 477.785pt x 600.2425pt>
File: ./images//Neuro_RawHeight.jpg Graphic file (type jpg)
<use ./images//Neuro_RawHeight.jpg>
Package pdftex.def Info: ./images//Neuro_RawHeight.jpg  used on input line 415.
(pdftex.def)             Requested size: 119.44595pt x 150.06026pt.

Overfull \vbox (0.27444pt too high) detected at line 415
 []

[21

 <./images//Neuro_Confocal.jpg> <./images//Neuro_RawHeight.jpg>]
<./images//Neuro_Detrending.jpg, id=286, 271.4943pt x 262.8219pt>
File: ./images//Neuro_Detrending.jpg Graphic file (type jpg)
<use ./images//Neuro_Detrending.jpg>
Package pdftex.def Info: ./images//Neuro_Detrending.jpg  used on input line 448.
(pdftex.def)             Requested size: 244.34258pt x 236.5375pt.

Overfull \hbox (2.49414pt too wide) in paragraph at lines 448--448
 [] 
 []


Overfull \vbox (1.91876pt too high) detected at line 448
 []

[22

 <./images//Neuro_Detrending.jpg>]
<./images//Neuro_CrossCor.jpg, id=294, 2431.0825pt x 826.08624pt>
File: ./images//Neuro_CrossCor.jpg Graphic file (type jpg)
<use ./images//Neuro_CrossCor.jpg>
Package pdftex.def Info: ./images//Neuro_CrossCor.jpg  used on input line 465.
(pdftex.def)             Requested size: 413.27856pt x 140.4328pt.

Overfull \vbox (17.6077pt too high) detected at line 465
 []

[23

 <./images//Neuro_CrossCor.jpg>]
<./images//Neuro_ResultGrating.jpg, id=304, 993.7125pt x 820.06375pt>
File: ./images//Neuro_ResultGrating.jpg Graphic file (type jpg)
<use ./images//Neuro_ResultGrating.jpg>
Package pdftex.def Info: ./images//Neuro_ResultGrating.jpg  used on input line 484.
(pdftex.def)             Requested size: 218.61742pt x 180.41458pt.
<./images//Neuro_ResultFabric.jpg, id=305, 1005.7575pt x 853.1875pt>
File: ./images//Neuro_ResultFabric.jpg Graphic file (type jpg)
<use ./images//Neuro_ResultFabric.jpg>
Package pdftex.def Info: ./images//Neuro_ResultFabric.jpg  used on input line 484.
(pdftex.def)             Requested size: 211.2153pt x 179.17467pt.
 [24

 <./images//Neuro_ResultGrating.jpg> <./images//Neuro_ResultFabric.jpg>] [25

 </Users/ronghaozhang/Library/Application Support/MiKTeX/texmfs/install/tex/latex/beamer/beamericonarticle.pdf>] [26


]
\tf@nav=\write7
\openout7 = `slides.nav'.

\tf@toc=\write8
\openout8 = `slides.toc'.

\tf@snm=\write9
\openout9 = `slides.snm'.

 (slides.aux)
Package rerunfilecheck Info: File `slides.out' has not changed.
(rerunfilecheck)             Checksum: BB1ED07AB66FB9C79965C8BB155D61B9;1797.
Package logreq Info: Writing requests to 'slides.run.xml'.
\openout1 = `slides.run.xml'.

 ) 
Here is how much of TeX's memory you used:
 49820 strings out of 475286
 1186176 string characters out of 2762356
 2036963 words of memory out of 3000000
 70281 multiletter control sequences out of 15000+600000
 515539 words of font info for 102 fonts, out of 8000000 for 9000
 1141 hyphenation exceptions out of 8191
 128i,11n,122p,2193b,5177s stack positions out of 10000i,1000n,20000p,200000b,80000s
{/Users/ronghaozhang/Library/Application Support/MiKTeX/texmfs/install/fonts/enc/dvips/base/8r.enc}</Users/ronghaozhang/Library/Application Support/MiKTeX/texmfs/install/fonts/type1/public/amsfonts/cm/cmex10.pfb></Users/ronghaozhang/Library/Application Support/MiKTeX/texmfs/install/fonts/type1/public/amsfonts/cm/cmmi10.pfb></Users/ronghaozhang/Library/Application Support/MiKTeX/texmfs/install/fonts/type1/public/amsfonts/cm/cmmi9.pfb></Users/ronghaozhang/Library/Application Support/MiKTeX/texmfs/install/fonts/type1/public/amsfonts/cm/cmr10.pfb></Users/ronghaozhang/Library/Application Support/MiKTeX/texmfs/install/fonts/type1/public/amsfonts/cm/cmr8.pfb></Users/ronghaozhang/Library/Application Support/MiKTeX/texmfs/install/fonts/type1/public/amsfonts/cm/cmsy10.pfb></Users/ronghaozhang/Library/Application Support/MiKTeX/texmfs/install/fonts/type1/public/amsfonts/cm/cmsy6.pfb></Users/ronghaozhang/Library/Application Support/MiKTeX/texmfs/install/fonts/type1/public/amsfonts/cm/cmsy8.pfb></Users/ronghaozhang/Library/Application Support/MiKTeX/texmfs/install/fonts/type1/public/amsfonts/symbols/msam10.pfb></Users/ronghaozhang/Library/Application Support/MiKTeX/texmfs/install/fonts/type1/urw/courier/ucrr8a.pfb></Users/ronghaozhang/Library/Application Support/MiKTeX/texmfs/install/fonts/type1/urw/palatino/uplb8a.pfb></Users/ronghaozhang/Library/Application Support/MiKTeX/texmfs/install/fonts/type1/urw/palatino/uplr8a.pfb></Users/ronghaozhang/Library/Application Support/MiKTeX/texmfs/install/fonts/type1/urw/palatino/uplri8a.pfb>
Output written on slides.pdf (26 pages, 15300476 bytes).
PDF statistics:
 419 PDF objects out of 1000 (max. 8388607)
 83 named destinations out of 1000 (max. 500000)
 239 words of extra memory for PDF output out of 10000 (max. 10000000)

